2026-05-18 08:02:11  INFO      __main__ — =======================================================
2026-05-18 08:02:11  INFO      __main__ —   AWARE — Fatigue Detection Training
2026-05-18 08:02:11  INFO      __main__ —   Coding Camp 2026 — CC26-PRU440
2026-05-18 08:02:11  INFO      __main__ — =======================================================
2026-05-18 08:02:11  INFO      src.utils — Project directories ensured ✓
2026-05-18 08:02:11  WARNING   tensorflow — TensorFlow GPU support is not available on native Windows for TensorFlow >= 2.11. Even if CUDA/cuDNN are installed, GPU will not be used. Please use WSL2 or the TensorFlow-DirectML plugin.
2026-05-18 08:02:11  INFO      src.utils — Tidak ada GPU terdeteksi — menggunakan CPU.
2026-05-18 08:02:11  INFO      __main__ —   Device: CPU
2026-05-18 08:02:11  INFO      __main__ — 
[ 1/7 ] Extracting dataset ...
2026-05-18 08:02:11  INFO      src.dataset — Dataset sudah diekstrak di: C:\Users\dzikri\Downloads\aware-project\aware-project\extracted  (pakai force=True untuk re-extract)
2026-05-18 08:02:11  INFO      __main__ — 
[ 2/7 ] Inspecting dataset ...
2026-05-18 08:02:11  INFO      src.dataset — Menggunakan subfolder: C:\Users\dzikri\Downloads\aware-project\aware-project\extracted\final_dataset
2026-05-18 08:02:13  INFO      src.dataset — =======================================================
2026-05-18 08:02:13  INFO      src.dataset —   DATASET INSPECTION REPORT
2026-05-18 08:02:13  INFO      src.dataset — =======================================================
2026-05-18 08:02:13  INFO      src.dataset —   Root      : C:\Users\dzikri\Downloads\aware-project\aware-project\extracted\final_dataset
2026-05-18 08:02:13  INFO      src.dataset —   Total     : 70,762 images
2026-05-18 08:02:13  INFO      src.dataset —   Classes   : ['drowsy', 'no_yawning', 'non_drowsy', 'yawning']
2026-05-18 08:02:13  INFO      src.dataset —     drowsy               22,348  (31.6%)
2026-05-18 08:02:13  INFO      src.dataset —     no_yawning           22,197  (31.4%)
2026-05-18 08:02:13  INFO      src.dataset —     non_drowsy           19,445  (27.5%)
2026-05-18 08:02:13  INFO      src.dataset —     yawning               6,772  (9.6%)
2026-05-18 08:02:13  WARNING   src.dataset —   ⚠ Imbalance ratio = 3.3x  → class weighting akan diterapkan
2026-05-18 08:02:13  INFO      src.dataset — =======================================================
2026-05-18 08:02:13  INFO      __main__ — 
[ 3/7 ] Cleaning dataset ...
2026-05-18 08:06:15  INFO      __main__ — =======================================================
2026-05-18 08:06:15  INFO      __main__ —   AWARE — Fatigue Detection Training
2026-05-18 08:06:15  INFO      __main__ —   Coding Camp 2026 — CC26-PRU440
2026-05-18 08:06:15  INFO      __main__ — =======================================================
2026-05-18 08:06:15  INFO      src.utils — Project directories ensured ✓
2026-05-18 08:06:15  WARNING   tensorflow — TensorFlow GPU support is not available on native Windows for TensorFlow >= 2.11. Even if CUDA/cuDNN are installed, GPU will not be used. Please use WSL2 or the TensorFlow-DirectML plugin.
2026-05-18 08:06:15  INFO      src.utils — Tidak ada GPU terdeteksi — menggunakan CPU.
2026-05-18 08:06:15  INFO      __main__ —   Device: CPU
2026-05-18 08:06:15  INFO      __main__ — 
[ 1/7 ] Extracting dataset ...
2026-05-18 08:06:15  INFO      src.dataset — Dataset sudah diekstrak di: C:\Users\dzikri\Downloads\aware-project\aware-project\extracted  (pakai force=True untuk re-extract)
2026-05-18 08:06:15  INFO      __main__ — 
[ 2/7 ] Inspecting dataset ...
2026-05-18 08:06:15  INFO      src.dataset — Menggunakan subfolder: C:\Users\dzikri\Downloads\aware-project\aware-project\extracted\final_dataset
2026-05-18 08:06:16  INFO      src.dataset — =======================================================
2026-05-18 08:06:16  INFO      src.dataset —   DATASET INSPECTION REPORT
2026-05-18 08:06:16  INFO      src.dataset — =======================================================
2026-05-18 08:06:16  INFO      src.dataset —   Root      : C:\Users\dzikri\Downloads\aware-project\aware-project\extracted\final_dataset
2026-05-18 08:06:16  INFO      src.dataset —   Total     : 70,762 images
2026-05-18 08:06:16  INFO      src.dataset —   Classes   : ['drowsy', 'no_yawning', 'non_drowsy', 'yawning']
2026-05-18 08:06:16  INFO      src.dataset —     drowsy               22,348  (31.6%)
2026-05-18 08:06:16  INFO      src.dataset —     no_yawning           22,197  (31.4%)
2026-05-18 08:06:16  INFO      src.dataset —     non_drowsy           19,445  (27.5%)
2026-05-18 08:06:16  INFO      src.dataset —     yawning               6,772  (9.6%)
2026-05-18 08:06:16  WARNING   src.dataset —   ⚠ Imbalance ratio = 3.3x  → class weighting akan diterapkan
2026-05-18 08:06:16  INFO      src.dataset — =======================================================
2026-05-18 08:06:16  INFO      __main__ — 
[ 3/7 ] Cleaning dataset ...
2026-05-18 08:06:16  INFO      src.dataset — Dataset sudah dalam kondisi bersih (verified). Melewati pemindaian ulang untuk menghemat waktu.
2026-05-18 08:06:16  INFO      __main__ — 
[ 4/7 ] Preparing labels & splits ...
2026-05-18 08:06:18  INFO      src.dataset — prepare_labels: 70762 images, alert=41642 | fatigue=29120
2026-05-18 08:06:18  INFO      src.dataset — Split: train=49533 | val=10614 | test=10615
2026-05-18 08:06:18  INFO      src.dataset — Class weights: {0: np.float64(0.8504103286062562), 1: np.float64(1.2134492895639393)}
2026-05-18 08:06:19  INFO      __main__ — 
[ 5/7 ] Building model ...
2026-05-18 08:06:22  INFO      src.model — =======================================================
2026-05-18 08:06:22  INFO      src.model —   AWARE FATIGUE MODEL SUMMARY
2026-05-18 08:06:22  INFO      src.model — =======================================================
2026-05-18 08:06:22  INFO      src.model —   Backbone     : MobileNetV2 (ImageNet weights)
2026-05-18 08:06:22  INFO      src.model —   Attention    : ChannelAttention (SE, ratio=8)
2026-05-18 08:06:22  INFO      src.model —   Head         : FatigueClassificationHead
2026-05-18 08:06:22  INFO      src.model —   Input shape  : (224, 224, 3)
2026-05-18 08:06:22  INFO      src.model —   Num classes  : 2
2026-05-18 08:06:22  INFO      src.model —   Dropout      : 0.4
2026-05-18 08:06:22  INFO      src.model —   Trainable params : 742,305
2026-05-18 08:06:22  INFO      src.model — =======================================================
2026-05-18 08:06:22  INFO      __main__ — 
[ 6/7 ] Phase 1 — Training classification head ...
2026-05-18 08:06:22  INFO      src.utils — TensorBoard logs → C:\Users\dzikri\Downloads\aware-project\aware-project\logs\tensorboard\aware_phase1_20260518-080622
2026-05-18 08:06:22  INFO      src.utils — Jalankan: tensorboard --logdir C:\Users\dzikri\Downloads\aware-project\aware-project\logs\tensorboard\aware_phase1_20260518-080622
2026-05-18 08:06:22  INFO      src.utils — Experiment log → C:\Users\dzikri\Downloads\aware-project\aware-project\logs\experiments\aware_phase1_20260518_080622.json
2026-05-18 08:06:22  INFO      __main__ — 
=======================================================
2026-05-18 08:06:22  INFO      __main__ —   TRAINING — PHASE1  (10 epochs, lr=1.00e-03)
2026-05-18 08:06:22  INFO      __main__ — =======================================================
2026-05-18 08:19:37  INFO      __main__ — =======================================================
2026-05-18 08:19:37  INFO      __main__ —   AWARE — Fatigue Detection Training
2026-05-18 08:19:37  INFO      __main__ —   Coding Camp 2026 — CC26-PRU440
2026-05-18 08:19:37  INFO      __main__ — =======================================================
2026-05-18 08:19:37  INFO      src.utils — Project directories ensured ✓
2026-05-18 08:19:37  WARNING   tensorflow — TensorFlow GPU support is not available on native Windows for TensorFlow >= 2.11. Even if CUDA/cuDNN are installed, GPU will not be used. Please use WSL2 or the TensorFlow-DirectML plugin.
2026-05-18 08:19:37  INFO      src.utils — Tidak ada GPU terdeteksi — menggunakan CPU.
2026-05-18 08:19:37  INFO      __main__ —   Device: CPU
2026-05-18 08:19:37  INFO      __main__ — 
[ 1/7 ] Extracting dataset ...
2026-05-18 08:19:37  INFO      src.dataset — Dataset sudah diekstrak di: C:\Users\dzikri\Downloads\aware-project\aware-project\extracted  (pakai force=True untuk re-extract)
2026-05-18 08:19:37  INFO      __main__ — 
[ 2/7 ] Inspecting dataset ...
2026-05-18 08:19:37  INFO      src.dataset — Menggunakan subfolder: C:\Users\dzikri\Downloads\aware-project\aware-project\extracted\final_dataset
2026-05-18 08:19:38  INFO      src.dataset — =======================================================
2026-05-18 08:19:38  INFO      src.dataset —   DATASET INSPECTION REPORT
2026-05-18 08:19:38  INFO      src.dataset — =======================================================
2026-05-18 08:19:38  INFO      src.dataset —   Root      : C:\Users\dzikri\Downloads\aware-project\aware-project\extracted\final_dataset
2026-05-18 08:19:38  INFO      src.dataset —   Total     : 70,762 images
2026-05-18 08:19:38  INFO      src.dataset —   Classes   : ['drowsy', 'no_yawning', 'non_drowsy', 'yawning']
2026-05-18 08:19:38  INFO      src.dataset —     drowsy               22,348  (31.6%)
2026-05-18 08:19:38  INFO      src.dataset —     no_yawning           22,197  (31.4%)
2026-05-18 08:19:38  INFO      src.dataset —     non_drowsy           19,445  (27.5%)
2026-05-18 08:19:38  INFO      src.dataset —     yawning               6,772  (9.6%)
2026-05-18 08:19:38  WARNING   src.dataset —   ⚠ Imbalance ratio = 3.3x  → class weighting akan diterapkan
2026-05-18 08:19:38  INFO      src.dataset — =======================================================
2026-05-18 08:19:38  INFO      __main__ — 
[ 3/7 ] Cleaning dataset ...
2026-05-18 08:19:38  INFO      src.dataset — Dataset sudah dalam kondisi bersih (verified). Melewati pemindaian ulang untuk menghemat waktu.
2026-05-18 08:19:38  INFO      __main__ — 
[ 4/7 ] Preparing labels & splits ...
2026-05-18 08:19:40  INFO      src.dataset — prepare_labels: 70762 images, alert=41642 | fatigue=29120
2026-05-18 08:19:40  INFO      src.dataset — Split: train=49533 | val=10614 | test=10615
2026-05-18 08:19:40  INFO      src.dataset — Class weights: {0: np.float64(0.8504103286062562), 1: np.float64(1.2134492895639393)}
2026-05-18 08:19:40  INFO      __main__ — 
[ 5/7 ] Building model ...
2026-05-18 08:19:41  INFO      src.model — =======================================================
2026-05-18 08:19:41  INFO      src.model —   AWARE FATIGUE MODEL SUMMARY
2026-05-18 08:19:41  INFO      src.model — =======================================================
2026-05-18 08:19:41  INFO      src.model —   Backbone     : MobileNetV2 (ImageNet weights)
2026-05-18 08:19:41  INFO      src.model —   Attention    : ChannelAttention (SE, ratio=8)
2026-05-18 08:19:41  INFO      src.model —   Head         : FatigueClassificationHead
2026-05-18 08:19:41  INFO      src.model —   Input shape  : (224, 224, 3)
2026-05-18 08:19:41  INFO      src.model —   Num classes  : 2
2026-05-18 08:19:41  INFO      src.model —   Dropout      : 0.4
2026-05-18 08:19:41  INFO      src.model —   Trainable params : 742,305
2026-05-18 08:19:41  INFO      src.model — =======================================================
2026-05-18 08:19:41  INFO      __main__ — 
[ 6/7 ] Phase 1 — Training classification head ...
2026-05-18 08:19:41  INFO      src.utils — TensorBoard logs → C:\Users\dzikri\Downloads\aware-project\aware-project\logs\tensorboard\aware_phase1_20260518-081941
2026-05-18 08:19:41  INFO      src.utils — Jalankan: tensorboard --logdir C:\Users\dzikri\Downloads\aware-project\aware-project\logs\tensorboard\aware_phase1_20260518-081941
2026-05-18 08:19:41  INFO      src.utils — Experiment log → C:\Users\dzikri\Downloads\aware-project\aware-project\logs\experiments\aware_phase1_20260518_081941.json
2026-05-18 08:19:41  INFO      __main__ — 
=======================================================
2026-05-18 08:19:41  INFO      __main__ —   TRAINING — PHASE1  (10 epochs, lr=1.00e-03)
2026-05-18 08:19:41  INFO      __main__ — =======================================================
2026-05-18 08:38:55  INFO      __main__ —   Epoch   1/10  loss=0.0885  acc=0.8623 | val_loss=0.0420  val_acc=0.7985  val_mae=0.2731  lr=1.00e-03 
2026-05-18 14:10:29  INFO      src.utils —   ✓ Best checkpoint saved (epoch 1, val_accuracy=0.7985)
2026-05-19 00:22:42  INFO      __main__ — =======================================================
2026-05-19 00:22:42  INFO      __main__ —   AWARE — Fatigue Detection Training
2026-05-19 00:22:42  INFO      __main__ —   Coding Camp 2026 — CC26-PRU440
2026-05-19 00:22:42  INFO      __main__ — =======================================================
2026-05-19 00:22:42  INFO      src.utils — Project directories ensured ✓
2026-05-19 00:22:42  WARNING   tensorflow — TensorFlow GPU support is not available on native Windows for TensorFlow >= 2.11. Even if CUDA/cuDNN are installed, GPU will not be used. Please use WSL2 or the TensorFlow-DirectML plugin.
2026-05-19 00:22:42  INFO      src.utils — Tidak ada GPU terdeteksi — menggunakan CPU.
2026-05-19 00:22:42  INFO      __main__ —   Device: CPU
2026-05-19 00:22:42  INFO      __main__ — 
[ 1/7 ] Extracting dataset ...
2026-05-19 00:22:42  INFO      src.dataset — Dataset sudah diekstrak di: C:\Users\dzikri\Downloads\aware-project\aware-project\extracted  (pakai force=True untuk re-extract)
2026-05-19 00:22:42  INFO      __main__ — 
[ 2/7 ] Inspecting dataset ...
2026-05-19 00:22:42  INFO      src.dataset — Menggunakan subfolder: C:\Users\dzikri\Downloads\aware-project\aware-project\extracted\final_dataset
2026-05-19 00:22:43  INFO      src.dataset — =======================================================
2026-05-19 00:22:43  INFO      src.dataset —   DATASET INSPECTION REPORT
2026-05-19 00:22:43  INFO      src.dataset — =======================================================
2026-05-19 00:22:43  INFO      src.dataset —   Root      : C:\Users\dzikri\Downloads\aware-project\aware-project\extracted\final_dataset
2026-05-19 00:22:43  INFO      src.dataset —   Total     : 70,762 images
2026-05-19 00:22:43  INFO      src.dataset —   Classes   : ['drowsy', 'no_yawning', 'non_drowsy', 'yawning']
2026-05-19 00:22:43  INFO      src.dataset —     drowsy               22,348  (31.6%)
2026-05-19 00:22:43  INFO      src.dataset —     no_yawning           22,197  (31.4%)
2026-05-19 00:22:43  INFO      src.dataset —     non_drowsy           19,445  (27.5%)
2026-05-19 00:22:43  INFO      src.dataset —     yawning               6,772  (9.6%)
2026-05-19 00:22:43  WARNING   src.dataset —   ⚠ Imbalance ratio = 3.3x  → class weighting akan diterapkan
2026-05-19 00:22:43  INFO      src.dataset — =======================================================
2026-05-19 00:22:43  INFO      __main__ — 
[ 3/7 ] Cleaning dataset ...
2026-05-19 00:22:43  INFO      src.dataset — Dataset sudah dalam kondisi bersih (verified). Melewati pemindaian ulang untuk menghemat waktu.
2026-05-19 00:22:43  INFO      __main__ — 
[ 4/7 ] Preparing labels & splits ...
2026-05-19 00:22:44  INFO      src.dataset — prepare_labels: 70762 images, alert=41642 | fatigue=29120
2026-05-19 00:22:44  INFO      src.dataset — Split: train=49533 | val=10614 | test=10615
2026-05-19 00:22:44  INFO      src.dataset — Class weights: {0: np.float64(0.8504103286062562), 1: np.float64(1.2134492895639393)}
2026-05-19 00:22:44  INFO      __main__ — 
[ 5/7 ] Building model ...
2026-05-19 00:22:46  INFO      src.model — =======================================================
2026-05-19 00:22:46  INFO      src.model —   AWARE FATIGUE MODEL SUMMARY
2026-05-19 00:22:46  INFO      src.model — =======================================================
2026-05-19 00:22:46  INFO      src.model —   Backbone     : MobileNetV2 (ImageNet weights)
2026-05-19 00:22:46  INFO      src.model —   Attention    : ChannelAttention (SE, ratio=8)
2026-05-19 00:22:46  INFO      src.model —   Head         : FatigueClassificationHead
2026-05-19 00:22:46  INFO      src.model —   Input shape  : (224, 224, 3)
2026-05-19 00:22:46  INFO      src.model —   Num classes  : 2
2026-05-19 00:22:46  INFO      src.model —   Dropout      : 0.4
2026-05-19 00:22:46  INFO      src.model —   Trainable params : 742,305
2026-05-19 00:22:46  INFO      src.model — =======================================================
2026-05-19 00:22:46  INFO      __main__ — 
[ 6/7 ] Phase 1 — Training classification head ...
2026-05-19 00:22:46  INFO      src.utils — TensorBoard logs → C:\Users\dzikri\Downloads\aware-project\aware-project\logs\tensorboard\aware_phase1_20260519-002246
2026-05-19 00:22:46  INFO      src.utils — Jalankan: tensorboard --logdir C:\Users\dzikri\Downloads\aware-project\aware-project\logs\tensorboard\aware_phase1_20260519-002246
2026-05-19 00:22:46  INFO      src.utils — Experiment log → C:\Users\dzikri\Downloads\aware-project\aware-project\logs\experiments\aware_phase1_20260519_002246.json
2026-05-19 00:22:46  INFO      __main__ — 
=======================================================
2026-05-19 00:22:46  INFO      __main__ —   TRAINING — PHASE1  (10 epochs, lr=1.00e-03)
2026-05-19 00:22:46  INFO      __main__ — =======================================================
2026-05-19 00:29:08  INFO      __main__ — =======================================================
2026-05-19 00:29:08  INFO      __main__ —   AWARE — Fatigue Detection Training
2026-05-19 00:29:08  INFO      __main__ —   Coding Camp 2026 — CC26-PRU440
2026-05-19 00:29:08  INFO      __main__ — =======================================================
2026-05-19 00:29:08  INFO      src.utils — Project directories ensured ✓
2026-05-19 00:29:08  WARNING   tensorflow — TensorFlow GPU support is not available on native Windows for TensorFlow >= 2.11. Even if CUDA/cuDNN are installed, GPU will not be used. Please use WSL2 or the TensorFlow-DirectML plugin.
2026-05-19 00:29:08  INFO      src.utils — Tidak ada GPU terdeteksi — menggunakan CPU.
2026-05-19 00:29:08  INFO      __main__ —   Device: CPU
2026-05-19 00:29:08  INFO      __main__ — 
[ 1/7 ] Extracting dataset ...
2026-05-19 00:29:08  INFO      src.dataset — Dataset sudah diekstrak di: C:\Users\dzikri\Downloads\aware-project\aware-project\extracted  (pakai force=True untuk re-extract)
2026-05-19 00:29:08  INFO      __main__ — 
[ 2/7 ] Inspecting dataset ...
2026-05-19 00:29:08  INFO      src.dataset — Menggunakan subfolder: C:\Users\dzikri\Downloads\aware-project\aware-project\extracted\final_dataset
2026-05-19 00:29:10  INFO      src.dataset — =======================================================
2026-05-19 00:29:10  INFO      src.dataset —   DATASET INSPECTION REPORT
2026-05-19 00:29:10  INFO      src.dataset — =======================================================
2026-05-19 00:29:10  INFO      src.dataset —   Root      : C:\Users\dzikri\Downloads\aware-project\aware-project\extracted\final_dataset
2026-05-19 00:29:10  INFO      src.dataset —   Total     : 70,762 images
2026-05-19 00:29:10  INFO      src.dataset —   Classes   : ['drowsy', 'no_yawning', 'non_drowsy', 'yawning']
2026-05-19 00:29:10  INFO      src.dataset —     drowsy               22,348  (31.6%)
2026-05-19 00:29:10  INFO      src.dataset —     no_yawning           22,197  (31.4%)
2026-05-19 00:29:10  INFO      src.dataset —     non_drowsy           19,445  (27.5%)
2026-05-19 00:29:10  INFO      src.dataset —     yawning               6,772  (9.6%)
2026-05-19 00:29:10  WARNING   src.dataset —   ⚠ Imbalance ratio = 3.3x  → class weighting akan diterapkan
2026-05-19 00:29:10  INFO      src.dataset — =======================================================
2026-05-19 00:29:10  INFO      __main__ — 
[ 3/7 ] Cleaning dataset ...
2026-05-19 00:29:10  INFO      src.dataset — Dataset sudah dalam kondisi bersih (verified). Melewati pemindaian ulang untuk menghemat waktu.
2026-05-19 00:29:10  INFO      __main__ — 
[ 4/7 ] Preparing labels & splits ...
2026-05-19 00:29:12  INFO      src.dataset — prepare_labels: 70762 images, alert=41642 | fatigue=29120
2026-05-19 00:29:12  INFO      src.dataset — Split: train=49533 | val=10614 | test=10615
2026-05-19 00:29:12  INFO      src.dataset — Class weights: {0: np.float64(0.8504103286062562), 1: np.float64(1.2134492895639393)}
2026-05-19 00:29:13  INFO      __main__ — 
[ 5/7 ] Building model ...
2026-05-19 00:29:17  INFO      src.model — =======================================================
2026-05-19 00:29:17  INFO      src.model —   AWARE FATIGUE MODEL SUMMARY
2026-05-19 00:29:17  INFO      src.model — =======================================================
2026-05-19 00:29:17  INFO      src.model —   Backbone     : MobileNetV2 (ImageNet weights)
2026-05-19 00:29:17  INFO      src.model —   Attention    : ChannelAttention (SE, ratio=8)
2026-05-19 00:29:17  INFO      src.model —   Head         : FatigueClassificationHead
2026-05-19 00:29:17  INFO      src.model —   Input shape  : (224, 224, 3)
2026-05-19 00:29:17  INFO      src.model —   Num classes  : 2
2026-05-19 00:29:17  INFO      src.model —   Dropout      : 0.4
2026-05-19 00:29:17  INFO      src.model —   Trainable params : 742,305
2026-05-19 00:29:17  INFO      src.model — =======================================================
2026-05-19 00:29:17  INFO      __main__ — 
[ 6/7 ] Phase 1 — Training classification head ...
2026-05-19 00:29:17  INFO      src.utils — TensorBoard logs → C:\Users\dzikri\Downloads\aware-project\aware-project\logs\tensorboard\aware_phase1_20260519-002917
2026-05-19 00:29:17  INFO      src.utils — Jalankan: tensorboard --logdir C:\Users\dzikri\Downloads\aware-project\aware-project\logs\tensorboard\aware_phase1_20260519-002917
2026-05-19 00:29:17  INFO      src.utils — Experiment log → C:\Users\dzikri\Downloads\aware-project\aware-project\logs\experiments\aware_phase1_20260519_002917.json
2026-05-19 00:29:17  INFO      __main__ — 
=======================================================
2026-05-19 00:29:17  INFO      __main__ —   TRAINING — PHASE1  (10 epochs, lr=1.00e-03)
2026-05-19 00:29:17  INFO      __main__ — =======================================================
2026-05-19 00:30:22  INFO      __main__ —     [Batch 100] loss=0.1741  acc=0.7534
2026-05-19 00:31:21  INFO      __main__ —     [Batch 200] loss=0.1711  acc=0.7780
2026-05-19 00:32:22  INFO      __main__ —     [Batch 300] loss=0.0966  acc=0.7980
2026-05-19 00:33:17  INFO      __main__ —     [Batch 400] loss=0.0893  acc=0.8119
2026-05-19 00:34:08  INFO      __main__ —     [Batch 500] loss=0.0851  acc=0.8234
2026-05-19 00:34:59  INFO      __main__ —     [Batch 600] loss=0.0929  acc=0.8305
2026-05-19 00:35:52  INFO      __main__ —     [Batch 700] loss=0.0824  acc=0.8358
2026-05-19 00:36:43  INFO      __main__ —     [Batch 800] loss=0.0707  acc=0.8419
2026-05-19 00:37:33  INFO      __main__ —     [Batch 900] loss=0.0725  acc=0.8456
2026-05-19 00:38:24  INFO      __main__ —     [Batch 1000] loss=0.0733  acc=0.8495
2026-05-19 00:39:15  INFO      __main__ —     [Batch 1100] loss=0.0593  acc=0.8530
2026-05-19 00:40:06  INFO      __main__ —     [Batch 1200] loss=0.0613  acc=0.8552
2026-05-19 00:41:01  INFO      __main__ —     [Batch 1300] loss=0.0664  acc=0.8571
2026-05-19 00:41:54  INFO      __main__ —     [Batch 1400] loss=0.0511  acc=0.8590
2026-05-19 00:42:48  INFO      __main__ —     [Batch 1500] loss=0.0575  acc=0.8607
2026-05-19 00:46:08  INFO      __main__ —   Epoch   1/10  loss=0.0897  acc=0.8610 | val_loss=0.0282  val_acc=0.8804  val_mae=0.2290  lr=1.00e-03 
2026-05-19 00:46:08  INFO      src.utils —   ✓ Best checkpoint saved (epoch 1, val_accuracy=0.8804)
2026-05-19 00:47:00  INFO      __main__ —     [Batch 100] loss=0.0358  acc=0.8916
2026-05-19 00:47:50  INFO      __main__ —     [Batch 200] loss=0.0490  acc=0.8922
2026-05-19 00:48:42  INFO      __main__ —     [Batch 300] loss=0.0518  acc=0.8871
2026-05-19 00:49:37  INFO      __main__ —     [Batch 400] loss=0.0395  acc=0.8856
2026-05-19 00:50:29  INFO      __main__ —     [Batch 500] loss=0.0540  acc=0.8869
2026-05-19 00:51:19  INFO      __main__ —     [Batch 600] loss=0.0313  acc=0.8858
2026-05-19 00:52:11  INFO      __main__ —     [Batch 700] loss=0.0487  acc=0.8861
2026-05-19 00:53:02  INFO      __main__ —     [Batch 800] loss=0.0473  acc=0.8862
2026-05-19 00:53:55  INFO      __main__ —     [Batch 900] loss=0.0363  acc=0.8861
2026-05-19 00:54:47  INFO      __main__ —     [Batch 1000] loss=0.0421  acc=0.8873
2026-05-19 00:55:38  INFO      __main__ —     [Batch 1100] loss=0.0418  acc=0.8880
2026-05-19 00:56:30  INFO      __main__ —     [Batch 1200] loss=0.0347  acc=0.8880
2026-05-19 00:57:22  INFO      __main__ —     [Batch 1300] loss=0.0634  acc=0.8888
2026-05-19 00:58:17  INFO      __main__ —     [Batch 1400] loss=0.0391  acc=0.8891
2026-05-19 00:59:08  INFO      __main__ —     [Batch 1500] loss=0.0504  acc=0.8885
2026-05-19 01:02:14  INFO      __main__ —   Epoch   2/10  loss=0.0452  acc=0.8886 | val_loss=0.0266  val_acc=0.8890  val_mae=0.2201  lr=1.00e-03 
2026-05-19 01:02:14  INFO      src.utils —   ✓ Best checkpoint saved (epoch 2, val_accuracy=0.8890)
2026-05-19 01:03:04  INFO      __main__ —     [Batch 100] loss=0.0442  acc=0.8831
2026-05-19 01:03:54  INFO      __main__ —     [Batch 200] loss=0.0333  acc=0.8852
2026-05-19 01:04:42  INFO      __main__ —     [Batch 300] loss=0.0292  acc=0.8861
2026-05-19 01:05:32  INFO      __main__ —     [Batch 400] loss=0.0559  acc=0.8870
2026-05-19 01:06:23  INFO      __main__ —     [Batch 500] loss=0.0315  acc=0.8851
2026-05-19 01:07:15  INFO      __main__ —     [Batch 600] loss=0.0509  acc=0.8847
2026-05-19 01:08:07  INFO      __main__ —     [Batch 700] loss=0.0414  acc=0.8865
2026-05-19 01:08:57  INFO      __main__ —     [Batch 800] loss=0.0370  acc=0.8879
2026-05-19 01:09:48  INFO      __main__ —     [Batch 900] loss=0.0246  acc=0.8878
2026-05-19 01:10:46  INFO      __main__ —     [Batch 1000] loss=0.0347  acc=0.8883
2026-05-19 01:11:38  INFO      __main__ —     [Batch 1100] loss=0.0490  acc=0.8888
2026-05-19 01:12:32  INFO      __main__ —     [Batch 1200] loss=0.0304  acc=0.8891
2026-05-19 01:13:26  INFO      __main__ —     [Batch 1300] loss=0.0413  acc=0.8894
2026-05-19 01:14:18  INFO      __main__ —     [Batch 1400] loss=0.0348  acc=0.8900
2026-05-19 01:15:10  INFO      __main__ —     [Batch 1500] loss=0.0362  acc=0.8904
2026-05-19 01:18:24  INFO      __main__ —   Epoch   3/10  loss=0.0399  acc=0.8905 | val_loss=0.0279  val_acc=0.8844  val_mae=0.2015  lr=1.00e-03 
2026-05-19 01:18:24  INFO      src.utils —   EarlyStopping: 1/7 (val_accuracy=0.8844, best=0.8890)
2026-05-19 01:19:17  INFO      __main__ —     [Batch 100] loss=0.0540  acc=0.8966
2026-05-19 01:20:10  INFO      __main__ —     [Batch 200] loss=0.0623  acc=0.8936
2026-05-19 01:21:01  INFO      __main__ —     [Batch 300] loss=0.0424  acc=0.8963
2026-05-19 01:21:54  INFO      __main__ —     [Batch 400] loss=0.0435  acc=0.8957
2026-05-19 01:22:45  INFO      __main__ —     [Batch 500] loss=0.0469  acc=0.8957
2026-05-19 01:23:37  INFO      __main__ —     [Batch 600] loss=0.0436  acc=0.8956
2026-05-19 01:24:29  INFO      __main__ —     [Batch 700] loss=0.0523  acc=0.8965
2026-05-19 01:25:20  INFO      __main__ —     [Batch 800] loss=0.0322  acc=0.8954
2026-05-19 01:26:10  INFO      __main__ —     [Batch 900] loss=0.0461  acc=0.8958
2026-05-19 01:27:02  INFO      __main__ —     [Batch 1000] loss=0.0282  acc=0.8954
2026-05-19 01:27:53  INFO      __main__ —     [Batch 1100] loss=0.0336  acc=0.8953
2026-05-19 01:28:45  INFO      __main__ —     [Batch 1200] loss=0.0497  acc=0.8946
2026-05-19 01:29:36  INFO      __main__ —     [Batch 1300] loss=0.0497  acc=0.8949
2026-05-19 01:30:27  INFO      __main__ —     [Batch 1400] loss=0.0379  acc=0.8946
2026-05-19 01:31:19  INFO      __main__ —     [Batch 1500] loss=0.0353  acc=0.8942
2026-05-19 01:34:30  INFO      __main__ —   Epoch   4/10  loss=0.0382  acc=0.8939 | val_loss=0.0268  val_acc=0.8901  val_mae=0.2265  lr=1.00e-03 
2026-05-19 01:34:31  INFO      src.utils —   ✓ Best checkpoint saved (epoch 4, val_accuracy=0.8901)
2026-05-19 01:35:23  INFO      __main__ —     [Batch 100] loss=0.0425  acc=0.8956
2026-05-19 01:36:13  INFO      __main__ —     [Batch 200] loss=0.0395  acc=0.8972
2026-05-19 01:37:04  INFO      __main__ —     [Batch 300] loss=0.0283  acc=0.8976
2026-05-19 01:37:55  INFO      __main__ —     [Batch 400] loss=0.0203  acc=0.8987
2026-05-19 01:38:46  INFO      __main__ —     [Batch 500] loss=0.0448  acc=0.8987
2026-05-19 01:39:37  INFO      __main__ —     [Batch 600] loss=0.0266  acc=0.8982
2026-05-19 01:40:28  INFO      __main__ —     [Batch 700] loss=0.0472  acc=0.8968
2026-05-19 01:41:20  INFO      __main__ —     [Batch 800] loss=0.0489  acc=0.8958
2026-05-19 01:42:13  INFO      __main__ —     [Batch 900] loss=0.0246  acc=0.8974
2026-05-19 01:43:05  INFO      __main__ —     [Batch 1000] loss=0.0364  acc=0.8967
2026-05-19 01:43:59  INFO      __main__ —     [Batch 1100] loss=0.0344  acc=0.8961
2026-05-19 01:44:50  INFO      __main__ —     [Batch 1200] loss=0.0296  acc=0.8952
2026-05-19 01:45:43  INFO      __main__ —     [Batch 1300] loss=0.0247  acc=0.8947
2026-05-19 01:46:35  INFO      __main__ —     [Batch 1400] loss=0.0271  acc=0.8938
2026-05-19 01:47:27  INFO      __main__ —     [Batch 1500] loss=0.0626  acc=0.8940
2026-05-19 01:50:40  INFO      __main__ —   Epoch   5/10  loss=0.0377  acc=0.8942 | val_loss=0.0266  val_acc=0.8922  val_mae=0.2209  lr=1.00e-03 
2026-05-19 01:50:40  INFO      src.utils —   ✓ Best checkpoint saved (epoch 5, val_accuracy=0.8922)
2026-05-19 01:50:40  INFO      __main__ —   ReduceLR: 1.00e-03 → 5.00e-04
2026-05-19 01:51:32  INFO      __main__ —     [Batch 100] loss=0.0387  acc=0.9013
2026-05-19 01:52:23  INFO      __main__ —     [Batch 200] loss=0.0279  acc=0.9028
2026-05-19 01:53:16  INFO      __main__ —     [Batch 300] loss=0.0441  acc=0.8978
2026-05-19 01:54:08  INFO      __main__ —     [Batch 400] loss=0.0268  acc=0.9004
2026-05-19 01:54:58  INFO      __main__ —     [Batch 500] loss=0.0296  acc=0.9009
2026-05-19 01:55:51  INFO      __main__ —     [Batch 600] loss=0.0298  acc=0.8998
2026-05-19 01:56:42  INFO      __main__ —     [Batch 700] loss=0.0266  acc=0.8996
2026-05-19 01:57:33  INFO      __main__ —     [Batch 800] loss=0.0554  acc=0.8993
2026-05-19 01:58:26  INFO      __main__ —     [Batch 900] loss=0.0340  acc=0.9005
2026-05-19 01:59:17  INFO      __main__ —     [Batch 1000] loss=0.0251  acc=0.9001
2026-05-19 02:00:08  INFO      __main__ —     [Batch 1100] loss=0.0209  acc=0.9000
2026-05-19 02:01:00  INFO      __main__ —     [Batch 1200] loss=0.0374  acc=0.8997
2026-05-19 02:01:52  INFO      __main__ —     [Batch 1300] loss=0.0251  acc=0.9000
2026-05-19 02:02:42  INFO      __main__ —     [Batch 1400] loss=0.0433  acc=0.8995
2026-05-19 02:03:35  INFO      __main__ —     [Batch 1500] loss=0.0231  acc=0.8998
2026-05-19 02:06:49  INFO      __main__ —   Epoch   6/10  loss=0.0334  acc=0.8995 | val_loss=0.0234  val_acc=0.9005  val_mae=0.1966  lr=5.00e-04 
2026-05-19 02:06:49  INFO      src.utils —   ✓ Best checkpoint saved (epoch 6, val_accuracy=0.9005)
2026-05-19 02:07:40  INFO      __main__ —     [Batch 100] loss=0.0425  acc=0.8931
2026-05-19 02:08:32  INFO      __main__ —     [Batch 200] loss=0.0263  acc=0.8978
2026-05-19 02:09:24  INFO      __main__ —     [Batch 300] loss=0.0273  acc=0.9000
2026-05-19 02:10:17  INFO      __main__ —     [Batch 400] loss=0.0241  acc=0.9005
2026-05-19 02:11:10  INFO      __main__ —     [Batch 500] loss=0.0333  acc=0.9007
2026-05-19 02:12:02  INFO      __main__ —     [Batch 600] loss=0.0235  acc=0.9013
2026-05-19 02:12:53  INFO      __main__ —     [Batch 700] loss=0.0264  acc=0.9017
2026-05-19 02:13:45  INFO      __main__ —     [Batch 800] loss=0.0331  acc=0.9025
2026-05-19 02:14:37  INFO      __main__ —     [Batch 900] loss=0.0231  acc=0.9022
2026-05-19 02:15:28  INFO      __main__ —     [Batch 1000] loss=0.0488  acc=0.9014
2026-05-19 02:16:21  INFO      __main__ —     [Batch 1100] loss=0.0327  acc=0.9018
2026-05-19 02:17:12  INFO      __main__ —     [Batch 1200] loss=0.0358  acc=0.9010
2026-05-19 02:18:03  INFO      __main__ —     [Batch 1300] loss=0.0190  acc=0.9005
2026-05-19 02:18:56  INFO      __main__ —     [Batch 1400] loss=0.0299  acc=0.9003
2026-05-19 02:19:48  INFO      __main__ —     [Batch 1500] loss=0.0244  acc=0.9006
2026-05-19 02:23:00  INFO      __main__ —   Epoch   7/10  loss=0.0323  acc=0.9011 | val_loss=0.0258  val_acc=0.8972  val_mae=0.2020  lr=5.00e-04 
2026-05-19 02:23:00  INFO      src.utils —   EarlyStopping: 1/7 (val_accuracy=0.8972, best=0.9005)
2026-05-19 02:23:53  INFO      __main__ —     [Batch 100] loss=0.0296  acc=0.9006
2026-05-19 02:24:46  INFO      __main__ —     [Batch 200] loss=0.0444  acc=0.9006
2026-05-19 02:25:38  INFO      __main__ —     [Batch 300] loss=0.0252  acc=0.9002
2026-05-19 02:26:29  INFO      __main__ —     [Batch 400] loss=0.0325  acc=0.9001
2026-05-19 02:27:21  INFO      __main__ —     [Batch 500] loss=0.0405  acc=0.9023
2026-05-19 02:28:13  INFO      __main__ —     [Batch 600] loss=0.0351  acc=0.9019
2026-05-19 02:29:04  INFO      __main__ —     [Batch 700] loss=0.0222  acc=0.9017
2026-05-19 02:29:56  INFO      __main__ —     [Batch 800] loss=0.0269  acc=0.9026
2026-05-19 02:30:49  INFO      __main__ —     [Batch 900] loss=0.0279  acc=0.9023
2026-05-19 02:31:39  INFO      __main__ —     [Batch 1000] loss=0.0301  acc=0.9014
2026-05-19 02:32:31  INFO      __main__ —     [Batch 1100] loss=0.0268  acc=0.9013
2026-05-19 02:33:24  INFO      __main__ —     [Batch 1200] loss=0.0204  acc=0.9017
2026-05-19 02:34:15  INFO      __main__ —     [Batch 1300] loss=0.0357  acc=0.9018
2026-05-19 02:35:06  INFO      __main__ —     [Batch 1400] loss=0.0198  acc=0.9015
2026-05-19 02:35:59  INFO      __main__ —     [Batch 1500] loss=0.0161  acc=0.9021
2026-05-19 02:39:11  INFO      __main__ —   Epoch   8/10  loss=0.0320  acc=0.9024 | val_loss=0.0243  val_acc=0.8989  val_mae=0.2024  lr=5.00e-04 
2026-05-19 02:39:11  INFO      src.utils —   EarlyStopping: 2/7 (val_accuracy=0.8989, best=0.9005)
2026-05-19 02:40:02  INFO      __main__ —     [Batch 100] loss=0.0293  acc=0.8994
2026-05-19 02:40:54  INFO      __main__ —     [Batch 200] loss=0.0211  acc=0.9084
2026-05-19 02:41:46  INFO      __main__ —     [Batch 300] loss=0.0362  acc=0.9049
2026-05-19 02:42:38  INFO      __main__ —     [Batch 400] loss=0.0188  acc=0.9033
2026-05-19 02:43:30  INFO      __main__ —     [Batch 500] loss=0.0283  acc=0.9043
2026-05-19 02:44:23  INFO      __main__ —     [Batch 600] loss=0.0387  acc=0.9044
2026-05-19 02:45:15  INFO      __main__ —     [Batch 700] loss=0.0310  acc=0.9034
2026-05-19 02:46:06  INFO      __main__ —     [Batch 800] loss=0.0332  acc=0.9039
2026-05-19 02:47:00  INFO      __main__ —     [Batch 900] loss=0.0260  acc=0.9041
2026-05-19 02:47:53  INFO      __main__ —     [Batch 1000] loss=0.0214  acc=0.9035
2026-05-19 02:48:51  INFO      __main__ —     [Batch 1100] loss=0.0318  acc=0.9037
2026-05-19 02:49:44  INFO      __main__ —     [Batch 1200] loss=0.0311  acc=0.9036
2026-05-19 02:50:36  INFO      __main__ —     [Batch 1300] loss=0.0346  acc=0.9038
2026-05-19 02:51:29  INFO      __main__ —     [Batch 1400] loss=0.0364  acc=0.9036
2026-05-19 02:52:20  INFO      __main__ —     [Batch 1500] loss=0.0308  acc=0.9036
2026-05-19 02:55:32  INFO      __main__ —   Epoch   9/10  loss=0.0313  acc=0.9034 | val_loss=0.0226  val_acc=0.9028  val_mae=0.1955  lr=5.00e-04 
2026-05-19 02:55:32  INFO      src.utils —   ✓ Best checkpoint saved (epoch 9, val_accuracy=0.9028)
2026-05-19 02:56:23  INFO      __main__ —     [Batch 100] loss=0.0317  acc=0.8981
2026-05-19 02:57:15  INFO      __main__ —     [Batch 200] loss=0.0231  acc=0.9020
2026-05-19 02:58:07  INFO      __main__ —     [Batch 300] loss=0.0318  acc=0.9002
2026-05-19 02:58:58  INFO      __main__ —     [Batch 400] loss=0.0236  acc=0.9001
2026-05-19 02:59:50  INFO      __main__ —     [Batch 500] loss=0.0245  acc=0.9011
2026-05-19 03:00:41  INFO      __main__ —     [Batch 600] loss=0.0441  acc=0.9016
2026-05-19 03:01:33  INFO      __main__ —     [Batch 700] loss=0.0283  acc=0.9009
2026-05-19 03:02:25  INFO      __main__ —     [Batch 800] loss=0.0210  acc=0.9015
2026-05-19 03:03:19  INFO      __main__ —     [Batch 900] loss=0.0294  acc=0.9022
2026-05-19 03:04:09  INFO      __main__ —     [Batch 1000] loss=0.0270  acc=0.9020
2026-05-19 03:05:01  INFO      __main__ —     [Batch 1100] loss=0.0310  acc=0.9020
2026-05-19 03:05:53  INFO      __main__ —     [Batch 1200] loss=0.0476  acc=0.9019
2026-05-19 03:06:44  INFO      __main__ —     [Batch 1300] loss=0.0261  acc=0.9018
2026-05-19 03:07:35  INFO      __main__ —     [Batch 1400] loss=0.0445  acc=0.9019
2026-05-19 03:08:27  INFO      __main__ —     [Batch 1500] loss=0.0432  acc=0.9022
2026-05-19 03:11:40  INFO      __main__ —   Epoch  10/10  loss=0.0312  acc=0.9021 | val_loss=0.0248  val_acc=0.8917  val_mae=0.2119  lr=5.00e-04 
2026-05-19 03:11:40  INFO      src.utils —   EarlyStopping: 1/7 (val_accuracy=0.8917, best=0.9028)
2026-05-19 03:11:40  INFO      src.utils — Best weights restored from: C:\Users\dzikri\Downloads\aware-project\aware-project\checkpoints\best_model.weights.h5
2026-05-19 03:11:40  INFO      __main__ — 
  PHASE1 best: {'epoch': 8, 'loss': 0.03132285398385398, 'accuracy': 0.9033977389335632, 'mae': 0.19434593617916107, 'val_loss': 0.02256729643853628, 'val_accuracy': 0.902769923210144, 'val_mae': 0.1954868733882904, 'lr': 0.0005000000237487257}
2026-05-19 03:11:40  INFO      __main__ — 
         Phase 2 — Fine-tuning backbone ...
2026-05-19 03:11:40  INFO      src.model — Fine-tuning: 54 backbone layers unfrozen (from idx 100)
2026-05-19 03:11:40  INFO      src.utils — TensorBoard logs → C:\Users\dzikri\Downloads\aware-project\aware-project\logs\tensorboard\aware_phase2_20260519-031140
2026-05-19 03:11:40  INFO      src.utils — Jalankan: tensorboard --logdir C:\Users\dzikri\Downloads\aware-project\aware-project\logs\tensorboard\aware_phase2_20260519-031140
2026-05-19 03:11:40  INFO      src.utils — Experiment log → C:\Users\dzikri\Downloads\aware-project\aware-project\logs\experiments\aware_phase2_20260519_031140.json
2026-05-19 03:11:40  INFO      __main__ — 
=======================================================
2026-05-19 03:11:40  INFO      __main__ —   TRAINING — PHASE2  (20 epochs, lr=1.00e-05)
2026-05-19 03:11:40  INFO      __main__ — =======================================================
2026-05-19 04:31:35  INFO      __main__ — =======================================================
2026-05-19 04:31:35  INFO      __main__ —   AWARE — Fatigue Detection Training
2026-05-19 04:31:35  INFO      __main__ —   Coding Camp 2026 — CC26-PRU440
2026-05-19 04:31:35  INFO      __main__ — =======================================================
2026-05-19 04:31:35  INFO      src.utils — Project directories ensured ✓
2026-05-19 04:31:35  WARNING   tensorflow — TensorFlow GPU support is not available on native Windows for TensorFlow >= 2.11. Even if CUDA/cuDNN are installed, GPU will not be used. Please use WSL2 or the TensorFlow-DirectML plugin.
2026-05-19 04:31:35  INFO      src.utils — Tidak ada GPU terdeteksi — menggunakan CPU.
2026-05-19 04:31:35  INFO      __main__ —   Device: CPU
2026-05-19 04:31:35  INFO      __main__ — 
[ 1/7 ] Extracting dataset ...
2026-05-19 04:31:35  INFO      src.dataset — Dataset sudah diekstrak di: C:\Users\dzikri\Downloads\aware-project\aware-project\extracted  (pakai force=True untuk re-extract)
2026-05-19 04:31:35  INFO      __main__ — 
[ 2/7 ] Inspecting dataset ...
2026-05-19 04:31:35  INFO      src.dataset — Menggunakan subfolder: C:\Users\dzikri\Downloads\aware-project\aware-project\extracted\final_dataset
2026-05-19 04:31:38  INFO      src.dataset — =======================================================
2026-05-19 04:31:38  INFO      src.dataset —   DATASET INSPECTION REPORT
2026-05-19 04:31:38  INFO      src.dataset — =======================================================
2026-05-19 04:31:38  INFO      src.dataset —   Root      : C:\Users\dzikri\Downloads\aware-project\aware-project\extracted\final_dataset
2026-05-19 04:31:38  INFO      src.dataset —   Total     : 70,762 images
2026-05-19 04:31:38  INFO      src.dataset —   Classes   : ['drowsy', 'no_yawning', 'non_drowsy', 'yawning']
2026-05-19 04:31:38  INFO      src.dataset —     drowsy               22,348  (31.6%)
2026-05-19 04:31:38  INFO      src.dataset —     no_yawning           22,197  (31.4%)
2026-05-19 04:31:38  INFO      src.dataset —     non_drowsy           19,445  (27.5%)
2026-05-19 04:31:38  INFO      src.dataset —     yawning               6,772  (9.6%)
2026-05-19 04:31:38  WARNING   src.dataset —   ⚠ Imbalance ratio = 3.3x  → class weighting akan diterapkan
2026-05-19 04:31:38  INFO      src.dataset — =======================================================
2026-05-19 04:31:38  INFO      __main__ — 
[ 3/7 ] Cleaning dataset ...
2026-05-19 04:31:38  INFO      src.dataset — Dataset sudah dalam kondisi bersih (verified). Melewati pemindaian ulang untuk menghemat waktu.
2026-05-19 04:31:38  INFO      __main__ — 
[ 4/7 ] Preparing labels & splits ...
2026-05-19 04:31:39  INFO      src.dataset — prepare_labels: 70762 images, alert=41642 | fatigue=29120
2026-05-19 04:31:39  INFO      src.dataset — Split: train=49533 | val=10614 | test=10615
2026-05-19 04:31:39  INFO      src.dataset — Class weights: {0: np.float64(0.8504103286062562), 1: np.float64(1.2134492895639393)}
2026-05-19 04:31:39  INFO      __main__ — 
[ 5/7 ] Building model ...
2026-05-19 04:31:42  INFO      src.model — =======================================================
2026-05-19 04:31:42  INFO      src.model —   AWARE FATIGUE MODEL SUMMARY
2026-05-19 04:31:42  INFO      src.model — =======================================================
2026-05-19 04:31:42  INFO      src.model —   Backbone     : MobileNetV2 (ImageNet weights)
2026-05-19 04:31:42  INFO      src.model —   Attention    : ChannelAttention (SE, ratio=8)
2026-05-19 04:31:42  INFO      src.model —   Head         : FatigueClassificationHead
2026-05-19 04:31:42  INFO      src.model —   Input shape  : (224, 224, 3)
2026-05-19 04:31:42  INFO      src.model —   Num classes  : 2
2026-05-19 04:31:42  INFO      src.model —   Dropout      : 0.4
2026-05-19 04:31:42  INFO      src.model —   Trainable params : 742,305
2026-05-19 04:31:42  INFO      src.model — =======================================================
2026-05-19 04:31:42  INFO      __main__ — 
[ 6/7 ] Phase 1 — Training classification head ...
2026-05-19 04:31:42  INFO      src.utils — TensorBoard logs → C:\Users\dzikri\Downloads\aware-project\aware-project\logs\tensorboard\aware_phase1_20260519-043142
2026-05-19 04:31:42  INFO      src.utils — Jalankan: tensorboard --logdir C:\Users\dzikri\Downloads\aware-project\aware-project\logs\tensorboard\aware_phase1_20260519-043142
2026-05-19 04:31:42  INFO      src.utils — Experiment log → C:\Users\dzikri\Downloads\aware-project\aware-project\logs\experiments\aware_phase1_20260519_043142.json
2026-05-19 04:31:42  INFO      __main__ — 
=======================================================
2026-05-19 04:31:42  INFO      __main__ —   TRAINING — PHASE1  (10 epochs, lr=1.00e-03)
2026-05-19 04:31:42  INFO      __main__ — =======================================================
2026-05-19 04:32:37  INFO      __main__ —     [Batch 100] loss=0.1508  acc=0.7569
2026-05-19 04:33:28  INFO      __main__ —     [Batch 200] loss=0.1574  acc=0.7841
2026-05-19 04:34:20  INFO      __main__ —     [Batch 300] loss=0.0832  acc=0.8028
2026-05-19 04:35:12  INFO      __main__ —     [Batch 400] loss=0.1003  acc=0.8148
2026-05-19 04:36:04  INFO      __main__ —     [Batch 500] loss=0.0838  acc=0.8234
2026-05-19 04:36:57  INFO      __main__ —     [Batch 600] loss=0.0897  acc=0.8312
2026-05-19 04:37:49  INFO      __main__ —     [Batch 700] loss=0.0812  acc=0.8367
2026-05-19 04:38:42  INFO      __main__ —     [Batch 800] loss=0.0675  acc=0.8434
2026-05-19 04:39:33  INFO      __main__ —     [Batch 900] loss=0.0650  acc=0.8469
2026-05-19 04:40:24  INFO      __main__ —     [Batch 1000] loss=0.0596  acc=0.8504
2026-05-19 04:41:16  INFO      __main__ —     [Batch 1100] loss=0.0518  acc=0.8537
2026-05-19 04:42:07  INFO      __main__ —     [Batch 1200] loss=0.0704  acc=0.8556
2026-05-19 04:42:58  INFO      __main__ —     [Batch 1300] loss=0.0682  acc=0.8574
2026-05-19 04:43:50  INFO      __main__ —     [Batch 1400] loss=0.0612  acc=0.8596
2026-05-19 04:44:42  INFO      __main__ —     [Batch 1500] loss=0.0584  acc=0.8614
2026-05-19 04:48:00  INFO      __main__ —   Epoch   1/10  loss=0.0889  acc=0.8617 | val_loss=0.0272  val_acc=0.8833  val_mae=0.2254  lr=1.00e-03 
2026-05-19 04:48:01  INFO      src.utils —   ✓ Best checkpoint saved (epoch 1, val_accuracy=0.8833)
2026-05-19 04:48:53  INFO      __main__ —     [Batch 100] loss=0.0412  acc=0.8884
2026-05-19 04:49:47  INFO      __main__ —     [Batch 200] loss=0.0578  acc=0.8872
2026-05-19 04:50:39  INFO      __main__ —     [Batch 300] loss=0.0494  acc=0.8867
2026-05-19 04:51:30  INFO      __main__ —     [Batch 400] loss=0.0346  acc=0.8874
2026-05-19 04:52:23  INFO      __main__ —     [Batch 500] loss=0.0461  acc=0.8866
2026-05-19 04:53:15  INFO      __main__ —     [Batch 600] loss=0.0350  acc=0.8858
2026-05-19 04:54:05  INFO      __main__ —     [Batch 700] loss=0.0491  acc=0.8860
2026-05-19 04:54:54  INFO      __main__ —     [Batch 800] loss=0.0565  acc=0.8867
2026-05-19 04:55:46  INFO      __main__ —     [Batch 900] loss=0.0441  acc=0.8869
2026-05-19 04:56:35  INFO      __main__ —     [Batch 1000] loss=0.0559  acc=0.8883
2026-05-19 04:57:26  INFO      __main__ —     [Batch 1100] loss=0.0370  acc=0.8886
2026-05-19 04:58:17  INFO      __main__ —     [Batch 1200] loss=0.0321  acc=0.8884
2026-05-19 04:59:09  INFO      __main__ —     [Batch 1300] loss=0.0557  acc=0.8890
2026-05-19 05:00:00  INFO      __main__ —     [Batch 1400] loss=0.0381  acc=0.8891
2026-05-19 05:00:51  INFO      __main__ —     [Batch 1500] loss=0.0519  acc=0.8891
2026-05-19 05:04:03  INFO      __main__ —   Epoch   2/10  loss=0.0446  acc=0.8889 | val_loss=0.0318  val_acc=0.8480  val_mae=0.2517  lr=1.00e-03 
2026-05-19 05:04:03  INFO      src.utils —   EarlyStopping: 1/7 (val_accuracy=0.8480, best=0.8833)
2026-05-19 05:04:54  INFO      __main__ —     [Batch 100] loss=0.0464  acc=0.8788
2026-05-19 05:05:46  INFO      __main__ —     [Batch 200] loss=0.0417  acc=0.8825
2026-05-19 05:06:38  INFO      __main__ —     [Batch 300] loss=0.0273  acc=0.8854
2026-05-19 05:07:30  INFO      __main__ —     [Batch 400] loss=0.0458  acc=0.8866
2026-05-19 05:08:21  INFO      __main__ —     [Batch 500] loss=0.0296  acc=0.8864
2026-05-19 05:09:12  INFO      __main__ —     [Batch 600] loss=0.0518  acc=0.8862
2026-05-19 05:10:04  INFO      __main__ —     [Batch 700] loss=0.0412  acc=0.8867
2026-05-19 05:10:58  INFO      __main__ —     [Batch 800] loss=0.0339  acc=0.8874
2026-05-19 05:11:49  INFO      __main__ —     [Batch 900] loss=0.0289  acc=0.8873
2026-05-19 05:12:40  INFO      __main__ —     [Batch 1000] loss=0.0414  acc=0.8880
2026-05-19 05:13:33  INFO      __main__ —     [Batch 1100] loss=0.0437  acc=0.8888
2026-05-19 05:14:24  INFO      __main__ —     [Batch 1200] loss=0.0264  acc=0.8891
2026-05-19 05:15:15  INFO      __main__ —     [Batch 1300] loss=0.0401  acc=0.8894
2026-05-19 05:16:07  INFO      __main__ —     [Batch 1400] loss=0.0443  acc=0.8898
2026-05-19 05:16:59  INFO      __main__ —     [Batch 1500] loss=0.0339  acc=0.8905
2026-05-19 05:20:10  INFO      __main__ —   Epoch   3/10  loss=0.0396  acc=0.8907 | val_loss=0.0257  val_acc=0.8904  val_mae=0.2161  lr=1.00e-03 
2026-05-19 05:20:11  INFO      src.utils —   ✓ Best checkpoint saved (epoch 3, val_accuracy=0.8904)
2026-05-19 05:21:02  INFO      __main__ —     [Batch 100] loss=0.0509  acc=0.8972
2026-05-19 05:21:53  INFO      __main__ —     [Batch 200] loss=0.0516  acc=0.8945
2026-05-19 05:22:44  INFO      __main__ —     [Batch 300] loss=0.0435  acc=0.8954
2026-05-19 05:23:33  INFO      __main__ —     [Batch 400] loss=0.0398  acc=0.8946
2026-05-19 05:24:24  INFO      __main__ —     [Batch 500] loss=0.0483  acc=0.8940
2026-05-19 05:25:15  INFO      __main__ —     [Batch 600] loss=0.0423  acc=0.8936
2026-05-19 05:26:07  INFO      __main__ —     [Batch 700] loss=0.0422  acc=0.8951
2026-05-19 05:26:59  INFO      __main__ —     [Batch 800] loss=0.0306  acc=0.8941
2026-05-19 05:27:52  INFO      __main__ —     [Batch 900] loss=0.0484  acc=0.8944
2026-05-19 05:28:44  INFO      __main__ —     [Batch 1000] loss=0.0315  acc=0.8943
2026-05-19 05:29:36  INFO      __main__ —     [Batch 1100] loss=0.0347  acc=0.8937
2026-05-19 05:30:28  INFO      __main__ —     [Batch 1200] loss=0.0487  acc=0.8933
2026-05-19 05:31:21  INFO      __main__ —     [Batch 1300] loss=0.0450  acc=0.8935
2026-05-19 05:32:12  INFO      __main__ —     [Batch 1400] loss=0.0466  acc=0.8932
2026-05-19 05:33:04  INFO      __main__ —     [Batch 1500] loss=0.0262  acc=0.8928
2026-05-19 05:36:17  INFO      __main__ —   Epoch   4/10  loss=0.0379  acc=0.8927 | val_loss=0.0259  val_acc=0.8891  val_mae=0.2148  lr=1.00e-03 
2026-05-19 05:36:17  INFO      src.utils —   EarlyStopping: 1/7 (val_accuracy=0.8891, best=0.8904)
2026-05-19 05:37:10  INFO      __main__ —     [Batch 100] loss=0.0889  acc=0.8981
2026-05-19 05:38:02  INFO      __main__ —     [Batch 200] loss=0.0464  acc=0.8983
2026-05-19 05:38:54  INFO      __main__ —     [Batch 300] loss=0.0275  acc=0.8980
2026-05-19 05:39:46  INFO      __main__ —     [Batch 400] loss=0.0219  acc=0.8993
2026-05-19 05:40:38  INFO      __main__ —     [Batch 500] loss=0.0432  acc=0.8986
2026-05-19 05:41:28  INFO      __main__ —     [Batch 600] loss=0.0307  acc=0.8972
2026-05-19 05:42:20  INFO      __main__ —     [Batch 700] loss=0.0483  acc=0.8951
2026-05-19 05:43:13  INFO      __main__ —     [Batch 800] loss=0.0428  acc=0.8938
2026-05-19 05:44:04  INFO      __main__ —     [Batch 900] loss=0.0202  acc=0.8953
2026-05-19 05:44:58  INFO      __main__ —     [Batch 1000] loss=0.0328  acc=0.8944
2026-05-19 05:45:52  INFO      __main__ —     [Batch 1100] loss=0.0324  acc=0.8935
2026-05-19 05:46:43  INFO      __main__ —     [Batch 1200] loss=0.0290  acc=0.8931
2026-05-19 05:47:35  INFO      __main__ —     [Batch 1300] loss=0.0276  acc=0.8931
2026-05-19 05:48:27  INFO      __main__ —     [Batch 1400] loss=0.0321  acc=0.8927
2026-05-19 05:49:18  INFO      __main__ —     [Batch 1500] loss=0.0579  acc=0.8930
2026-05-19 05:52:32  INFO      __main__ —   Epoch   5/10  loss=0.0379  acc=0.8933 | val_loss=0.0258  val_acc=0.8943  val_mae=0.2134  lr=1.00e-03 
2026-05-19 05:52:32  INFO      src.utils —   ✓ Best checkpoint saved (epoch 5, val_accuracy=0.8943)
2026-05-19 05:53:25  INFO      __main__ —     [Batch 100] loss=0.0638  acc=0.8969
2026-05-19 05:54:16  INFO      __main__ —     [Batch 200] loss=0.0333  acc=0.8995
2026-05-19 05:55:08  INFO      __main__ —     [Batch 300] loss=0.0527  acc=0.8942
2026-05-19 05:56:00  INFO      __main__ —     [Batch 400] loss=0.0326  acc=0.8966
2026-05-19 05:56:50  INFO      __main__ —     [Batch 500] loss=0.0387  acc=0.8957
2026-05-19 05:57:42  INFO      __main__ —     [Batch 600] loss=0.0322  acc=0.8949
2026-05-19 05:58:36  INFO      __main__ —     [Batch 700] loss=0.0280  acc=0.8943
2026-05-19 05:59:28  INFO      __main__ —     [Batch 800] loss=0.0612  acc=0.8948
2026-05-19 06:00:22  INFO      __main__ —     [Batch 900] loss=0.0373  acc=0.8963
2026-05-19 06:01:15  INFO      __main__ —     [Batch 1000] loss=0.0260  acc=0.8962
2026-05-19 06:02:06  INFO      __main__ —     [Batch 1100] loss=0.0226  acc=0.8958
2026-05-19 06:03:00  INFO      __main__ —     [Batch 1200] loss=0.0394  acc=0.8953
2026-05-19 06:03:55  INFO      __main__ —     [Batch 1300] loss=0.0359  acc=0.8957
2026-05-19 06:04:46  INFO      __main__ —     [Batch 1400] loss=0.0469  acc=0.8952
2026-05-19 06:05:39  INFO      __main__ —     [Batch 1500] loss=0.0274  acc=0.8954
2026-05-19 06:08:52  INFO      __main__ —   Epoch   6/10  loss=0.0371  acc=0.8953 | val_loss=0.0252  val_acc=0.8970  val_mae=0.2031  lr=1.00e-03 
2026-05-19 06:08:52  INFO      src.utils —   ✓ Best checkpoint saved (epoch 6, val_accuracy=0.8970)
2026-05-19 06:09:44  INFO      __main__ —     [Batch 100] loss=0.0383  acc=0.8953
2026-05-19 06:10:37  INFO      __main__ —     [Batch 200] loss=0.0310  acc=0.8969
2026-05-19 06:11:29  INFO      __main__ —     [Batch 300] loss=0.0286  acc=0.8984
2026-05-19 06:12:19  INFO      __main__ —     [Batch 400] loss=0.0262  acc=0.8986
2026-05-19 06:13:12  INFO      __main__ —     [Batch 500] loss=0.0351  acc=0.8978
2026-05-19 06:14:04  INFO      __main__ —     [Batch 600] loss=0.0282  acc=0.8982
2026-05-19 06:14:56  INFO      __main__ —     [Batch 700] loss=0.0312  acc=0.8975
2026-05-19 06:15:48  INFO      __main__ —     [Batch 800] loss=0.0392  acc=0.8978
2026-05-19 06:16:41  INFO      __main__ —     [Batch 900] loss=0.0263  acc=0.8977
2026-05-19 06:17:33  INFO      __main__ —     [Batch 1000] loss=0.0449  acc=0.8968
2026-05-19 06:18:25  INFO      __main__ —     [Batch 1100] loss=0.0366  acc=0.8974
2026-05-19 06:19:17  INFO      __main__ —     [Batch 1200] loss=0.0372  acc=0.8966
2026-05-19 06:20:08  INFO      __main__ —     [Batch 1300] loss=0.0283  acc=0.8967
2026-05-19 06:21:00  INFO      __main__ —     [Batch 1400] loss=0.0382  acc=0.8965
2026-05-19 06:21:53  INFO      __main__ —     [Batch 1500] loss=0.0250  acc=0.8964
2026-05-19 06:25:07  INFO      __main__ —   Epoch   7/10  loss=0.0360  acc=0.8964 | val_loss=0.0257  val_acc=0.8996  val_mae=0.2039  lr=1.00e-03 
2026-05-19 06:25:08  INFO      src.utils —   ✓ Best checkpoint saved (epoch 7, val_accuracy=0.8996)
2026-05-19 06:26:00  INFO      __main__ —     [Batch 100] loss=0.0344  acc=0.8988
2026-05-19 06:26:51  INFO      __main__ —     [Batch 200] loss=0.0438  acc=0.8978
2026-05-19 06:27:42  INFO      __main__ —     [Batch 300] loss=0.0301  acc=0.8971
2026-05-19 06:28:35  INFO      __main__ —     [Batch 400] loss=0.0354  acc=0.8970
2026-05-19 06:29:27  INFO      __main__ —     [Batch 500] loss=0.0381  acc=0.8989
2026-05-19 06:30:19  INFO      __main__ —     [Batch 600] loss=0.0429  acc=0.8987
2026-05-19 06:31:11  INFO      __main__ —     [Batch 700] loss=0.0236  acc=0.8980
2026-05-19 06:32:04  INFO      __main__ —     [Batch 800] loss=0.0290  acc=0.8989
2026-05-19 06:32:54  INFO      __main__ —     [Batch 900] loss=0.0362  acc=0.8982
2026-05-19 06:33:47  INFO      __main__ —     [Batch 1000] loss=0.0299  acc=0.8978
2026-05-19 06:34:39  INFO      __main__ —     [Batch 1100] loss=0.0275  acc=0.8972
2026-05-19 06:35:30  INFO      __main__ —     [Batch 1200] loss=0.0232  acc=0.8972
2026-05-19 06:36:23  INFO      __main__ —     [Batch 1300] loss=0.0400  acc=0.8973
2026-05-19 06:37:15  INFO      __main__ —     [Batch 1400] loss=0.0258  acc=0.8966
2026-05-19 06:38:06  INFO      __main__ —     [Batch 1500] loss=0.0228  acc=0.8966
2026-05-19 06:41:21  INFO      __main__ —   Epoch   8/10  loss=0.0356  acc=0.8968 | val_loss=0.0258  val_acc=0.8921  val_mae=0.2201  lr=1.00e-03 
2026-05-19 06:41:21  INFO      src.utils —   EarlyStopping: 1/7 (val_accuracy=0.8921, best=0.8996)
2026-05-19 06:42:14  INFO      __main__ —     [Batch 100] loss=0.0391  acc=0.8894
2026-05-19 06:43:05  INFO      __main__ —     [Batch 200] loss=0.0266  acc=0.9009
2026-05-19 06:43:57  INFO      __main__ —     [Batch 300] loss=0.0389  acc=0.8993
2026-05-19 06:44:52  INFO      __main__ —     [Batch 400] loss=0.0241  acc=0.8985
2026-05-19 06:45:45  INFO      __main__ —     [Batch 500] loss=0.0323  acc=0.8996
2026-05-19 06:46:36  INFO      __main__ —     [Batch 600] loss=0.0555  acc=0.8981
2026-05-19 06:47:28  INFO      __main__ —     [Batch 700] loss=0.0451  acc=0.8978
2026-05-19 06:48:20  INFO      __main__ —     [Batch 800] loss=0.0369  acc=0.8982
2026-05-19 06:49:11  INFO      __main__ —     [Batch 900] loss=0.0244  acc=0.8979
2026-05-19 06:50:03  INFO      __main__ —     [Batch 1000] loss=0.0432  acc=0.8976
2026-05-19 06:50:56  INFO      __main__ —     [Batch 1100] loss=0.0382  acc=0.8976
2026-05-19 06:51:47  INFO      __main__ —     [Batch 1200] loss=0.0363  acc=0.8978
2026-05-19 06:52:39  INFO      __main__ —     [Batch 1300] loss=0.0326  acc=0.8980
2026-05-19 06:53:32  INFO      __main__ —     [Batch 1400] loss=0.0380  acc=0.8976
2026-05-19 06:54:22  INFO      __main__ —     [Batch 1500] loss=0.0345  acc=0.8971
2026-05-19 06:57:34  INFO      __main__ —   Epoch   9/10  loss=0.0350  acc=0.8967 | val_loss=0.0284  val_acc=0.8706  val_mae=0.2396  lr=1.00e-03 
2026-05-19 06:57:34  INFO      __main__ —   ReduceLR: 1.00e-03 → 5.00e-04
2026-05-19 06:57:34  INFO      src.utils —   EarlyStopping: 2/7 (val_accuracy=0.8706, best=0.8996)
2026-05-19 06:58:25  INFO      __main__ —     [Batch 100] loss=0.0371  acc=0.8950
2026-05-19 06:59:17  INFO      __main__ —     [Batch 200] loss=0.0299  acc=0.8997
2026-05-19 07:00:09  INFO      __main__ —     [Batch 300] loss=0.0401  acc=0.8992
2026-05-19 07:00:59  INFO      __main__ —     [Batch 400] loss=0.0181  acc=0.8988
2026-05-19 07:01:51  INFO      __main__ —     [Batch 500] loss=0.0303  acc=0.8987
2026-05-19 07:02:43  INFO      __main__ —     [Batch 600] loss=0.0370  acc=0.8998
2026-05-19 07:03:35  INFO      __main__ —     [Batch 700] loss=0.0270  acc=0.8989
2026-05-19 07:04:28  INFO      __main__ —     [Batch 800] loss=0.0236  acc=0.8995
2026-05-19 07:05:20  INFO      __main__ —     [Batch 900] loss=0.0265  acc=0.9002
2026-05-19 07:06:10  INFO      __main__ —     [Batch 1000] loss=0.0365  acc=0.8997
2026-05-19 07:07:02  INFO      __main__ —     [Batch 1100] loss=0.0390  acc=0.9001
2026-05-19 07:07:54  INFO      __main__ —     [Batch 1200] loss=0.0546  acc=0.9001
2026-05-19 07:08:45  INFO      __main__ —     [Batch 1300] loss=0.0285  acc=0.9002
2026-05-19 07:09:36  INFO      __main__ —     [Batch 1400] loss=0.0433  acc=0.9006
2026-05-19 07:10:29  INFO      __main__ —     [Batch 1500] loss=0.0431  acc=0.9008
2026-05-19 07:13:43  INFO      __main__ —   Epoch  10/10  loss=0.0322  acc=0.9008 | val_loss=0.0246  val_acc=0.8932  val_mae=0.2156  lr=5.00e-04 
2026-05-19 07:13:43  INFO      src.utils —   EarlyStopping: 3/7 (val_accuracy=0.8932, best=0.8996)
2026-05-19 07:13:43  INFO      src.utils — Best weights restored from: C:\Users\dzikri\Downloads\aware-project\aware-project\checkpoints\best_model.weights.h5
2026-05-19 07:13:43  INFO      __main__ — 
  PHASE1 best: {'epoch': 6, 'loss': 0.03604979799863057, 'accuracy': 0.896392285823822, 'mae': 0.2065420150756836, 'val_loss': 0.025713154900235582, 'val_accuracy': 0.8995665907859802, 'val_mae': 0.2039264291524887, 'lr': 0.0010000000474974513}
2026-05-19 07:13:43  INFO      __main__ — 
         Phase 2 — Fine-tuning backbone ...
2026-05-19 07:13:43  INFO      src.model — Fine-tuning: 54 backbone layers unfrozen (from idx 100)
2026-05-19 07:13:43  INFO      src.utils — TensorBoard logs → C:\Users\dzikri\Downloads\aware-project\aware-project\logs\tensorboard\aware_phase2_20260519-071343
2026-05-19 07:13:43  INFO      src.utils — Jalankan: tensorboard --logdir C:\Users\dzikri\Downloads\aware-project\aware-project\logs\tensorboard\aware_phase2_20260519-071343
2026-05-19 07:13:43  INFO      src.utils — Experiment log → C:\Users\dzikri\Downloads\aware-project\aware-project\logs\experiments\aware_phase2_20260519_071343.json
2026-05-19 07:13:43  INFO      __main__ — 
=======================================================
2026-05-19 07:13:43  INFO      __main__ —   TRAINING — PHASE2  (20 epochs, lr=1.00e-05)
2026-05-19 07:13:43  INFO      __main__ — =======================================================
2026-05-19 07:15:07  INFO      __main__ —     [Batch 100] loss=0.1049  acc=0.6938
2026-05-19 07:16:24  INFO      __main__ —     [Batch 200] loss=0.0528  acc=0.7386
2026-05-19 07:17:43  INFO      __main__ —     [Batch 300] loss=0.0635  acc=0.7685
2026-05-19 07:19:01  INFO      __main__ —     [Batch 400] loss=0.0402  acc=0.7908
2026-05-19 07:20:18  INFO      __main__ —     [Batch 500] loss=0.0304  acc=0.8062
2026-05-19 07:21:37  INFO      __main__ —     [Batch 600] loss=0.0425  acc=0.8186
2026-05-19 07:22:54  INFO      __main__ —     [Batch 700] loss=0.0380  acc=0.8295
2026-05-19 07:24:12  INFO      __main__ —     [Batch 800] loss=0.0383  acc=0.8363
2026-05-19 07:25:30  INFO      __main__ —     [Batch 900] loss=0.0300  acc=0.8418
2026-05-19 07:26:47  INFO      __main__ —     [Batch 1000] loss=0.0343  acc=0.8458
2026-05-19 07:28:05  INFO      __main__ —     [Batch 1100] loss=0.0347  acc=0.8506
2026-05-19 07:29:21  INFO      __main__ —     [Batch 1200] loss=0.0417  acc=0.8542
2026-05-19 07:30:38  INFO      __main__ —     [Batch 1300] loss=0.0268  acc=0.8574
2026-05-19 07:31:56  INFO      __main__ —     [Batch 1400] loss=0.0414  acc=0.8589
2026-05-19 07:33:14  INFO      __main__ —     [Batch 1500] loss=0.0334  acc=0.8616
2026-05-19 07:36:45  INFO      __main__ —   Epoch   1/20  loss=0.0469  acc=0.8625 | val_loss=0.0243  val_acc=0.8995  val_mae=0.1921  lr=1.00e-05 
2026-05-19 07:36:46  INFO      src.utils —   ✓ Best checkpoint saved (epoch 1, val_accuracy=0.8995)
2026-05-19 07:38:02  INFO      __main__ —     [Batch 100] loss=0.0440  acc=0.8984
2026-05-19 07:39:20  INFO      __main__ —     [Batch 200] loss=0.0364  acc=0.8970
2026-05-19 07:40:37  INFO      __main__ —     [Batch 300] loss=0.0327  acc=0.9000
2026-05-19 07:41:54  INFO      __main__ —     [Batch 400] loss=0.0328  acc=0.8995
2026-05-19 07:43:13  INFO      __main__ —     [Batch 500] loss=0.0307  acc=0.8980
2026-05-19 07:44:30  INFO      __main__ —     [Batch 600] loss=0.0345  acc=0.8970
2026-05-19 07:45:48  INFO      __main__ —     [Batch 700] loss=0.0355  acc=0.8980
2026-05-19 07:47:07  INFO      __main__ —     [Batch 800] loss=0.0455  acc=0.8985
2026-05-19 07:48:25  INFO      __main__ —     [Batch 900] loss=0.0274  acc=0.8986
2026-05-19 07:49:43  INFO      __main__ —     [Batch 1000] loss=0.0397  acc=0.8991
2026-05-19 07:50:59  INFO      __main__ —     [Batch 1100] loss=0.0408  acc=0.8993
2026-05-19 07:52:16  INFO      __main__ —     [Batch 1200] loss=0.0397  acc=0.8995
2026-05-19 07:53:34  INFO      __main__ —     [Batch 1300] loss=0.0321  acc=0.9004
2026-05-19 07:54:51  INFO      __main__ —     [Batch 1400] loss=0.0424  acc=0.9002
2026-05-19 07:56:08  INFO      __main__ —     [Batch 1500] loss=0.0437  acc=0.9003
2026-05-19 07:59:31  INFO      __main__ —   Epoch   2/20  loss=0.0340  acc=0.9005 | val_loss=0.0218  val_acc=0.9093  val_mae=0.1809  lr=1.00e-05 
2026-05-19 07:59:31  INFO      src.utils —   ✓ Best checkpoint saved (epoch 2, val_accuracy=0.9093)
2026-05-19 08:00:48  INFO      __main__ —     [Batch 100] loss=0.0317  acc=0.9106
2026-05-19 08:02:06  INFO      __main__ —     [Batch 200] loss=0.0349  acc=0.9089
2026-05-19 08:03:24  INFO      __main__ —     [Batch 300] loss=0.0263  acc=0.9071
2026-05-19 08:04:42  INFO      __main__ —     [Batch 400] loss=0.0328  acc=0.9085
2026-05-19 08:05:59  INFO      __main__ —     [Batch 500] loss=0.0317  acc=0.9101
2026-05-19 08:07:18  INFO      __main__ —     [Batch 600] loss=0.0329  acc=0.9104
2026-05-19 08:08:36  INFO      __main__ —     [Batch 700] loss=0.0527  acc=0.9107
2026-05-19 08:09:54  INFO      __main__ —     [Batch 800] loss=0.0294  acc=0.9104
2026-05-19 08:11:15  INFO      __main__ —     [Batch 900] loss=0.0382  acc=0.9100
2026-05-19 08:12:34  INFO      __main__ —     [Batch 1000] loss=0.0305  acc=0.9099
2026-05-19 08:13:54  INFO      __main__ —     [Batch 1100] loss=0.0163  acc=0.9093
2026-05-19 08:15:11  INFO      __main__ —     [Batch 1200] loss=0.0293  acc=0.9101
2026-05-19 08:16:27  INFO      __main__ —     [Batch 1300] loss=0.0311  acc=0.9104
2026-05-19 08:17:44  INFO      __main__ —     [Batch 1400] loss=0.0337  acc=0.9107
2026-05-19 08:19:02  INFO      __main__ —     [Batch 1500] loss=0.0317  acc=0.9109
2026-05-19 08:22:29  INFO      __main__ —   Epoch   3/20  loss=0.0313  acc=0.9110 | val_loss=0.0202  val_acc=0.9186  val_mae=0.1771  lr=1.00e-05 
2026-05-19 08:22:29  INFO      src.utils —   ✓ Best checkpoint saved (epoch 3, val_accuracy=0.9186)
2026-05-19 08:23:47  INFO      __main__ —     [Batch 100] loss=0.0285  acc=0.9144
2026-05-19 08:25:05  INFO      __main__ —     [Batch 200] loss=0.0375  acc=0.9175
2026-05-19 08:26:23  INFO      __main__ —     [Batch 300] loss=0.0239  acc=0.9180
2026-05-19 08:27:41  INFO      __main__ —     [Batch 400] loss=0.0292  acc=0.9188
2026-05-19 08:28:59  INFO      __main__ —     [Batch 500] loss=0.0310  acc=0.9187
2026-05-19 08:30:17  INFO      __main__ —     [Batch 600] loss=0.0343  acc=0.9194
2026-05-19 08:31:34  INFO      __main__ —     [Batch 700] loss=0.0451  acc=0.9189
2026-05-19 08:32:51  INFO      __main__ —     [Batch 800] loss=0.0230  acc=0.9186
2026-05-19 08:34:08  INFO      __main__ —     [Batch 900] loss=0.0299  acc=0.9194
2026-05-19 08:35:25  INFO      __main__ —     [Batch 1000] loss=0.0211  acc=0.9199
2026-05-19 08:36:43  INFO      __main__ —     [Batch 1100] loss=0.0246  acc=0.9210
2026-05-19 08:38:00  INFO      __main__ —     [Batch 1200] loss=0.0348  acc=0.9216
2026-05-19 08:39:18  INFO      __main__ —     [Batch 1300] loss=0.0262  acc=0.9218
2026-05-19 08:40:35  INFO      __main__ —     [Batch 1400] loss=0.0353  acc=0.9215
2026-05-19 08:41:52  INFO      __main__ —     [Batch 1500] loss=0.0251  acc=0.9218
2026-05-19 08:45:16  INFO      __main__ —   Epoch   4/20  loss=0.0292  acc=0.9222 | val_loss=0.0189  val_acc=0.9247  val_mae=0.1705  lr=1.00e-05 
2026-05-19 08:45:16  INFO      src.utils —   ✓ Best checkpoint saved (epoch 4, val_accuracy=0.9247)
2026-05-19 08:46:33  INFO      __main__ —     [Batch 100] loss=0.0294  acc=0.9269
2026-05-19 08:47:50  INFO      __main__ —     [Batch 200] loss=0.0212  acc=0.9236
2026-05-19 08:49:08  INFO      __main__ —     [Batch 300] loss=0.0236  acc=0.9269
2026-05-19 08:50:25  INFO      __main__ —     [Batch 400] loss=0.0222  acc=0.9276
2026-05-19 08:51:41  INFO      __main__ —     [Batch 500] loss=0.0172  acc=0.9278
2026-05-19 08:52:59  INFO      __main__ —     [Batch 600] loss=0.0240  acc=0.9263
2026-05-19 08:54:18  INFO      __main__ —     [Batch 700] loss=0.0249  acc=0.9262
2026-05-19 08:55:37  INFO      __main__ —     [Batch 800] loss=0.0337  acc=0.9268
2026-05-19 08:56:52  INFO      __main__ —     [Batch 900] loss=0.0322  acc=0.9275
2026-05-19 08:58:11  INFO      __main__ —     [Batch 1000] loss=0.0250  acc=0.9277
2026-05-19 08:59:29  INFO      __main__ —     [Batch 1100] loss=0.0304  acc=0.9280
2026-05-19 09:00:47  INFO      __main__ —     [Batch 1200] loss=0.0263  acc=0.9288
2026-05-19 09:02:06  INFO      __main__ —     [Batch 1300] loss=0.0325  acc=0.9291
2026-05-19 09:03:24  INFO      __main__ —     [Batch 1400] loss=0.0409  acc=0.9296
2026-05-19 09:04:40  INFO      __main__ —     [Batch 1500] loss=0.0200  acc=0.9296
2026-05-19 09:08:01  INFO      __main__ —   Epoch   5/20  loss=0.0271  acc=0.9298 | val_loss=0.0181  val_acc=0.9381  val_mae=0.1620  lr=1.00e-05 
2026-05-19 09:08:02  INFO      src.utils —   ✓ Best checkpoint saved (epoch 5, val_accuracy=0.9381)
2026-05-19 09:09:18  INFO      __main__ —     [Batch 100] loss=0.0199  acc=0.9359
2026-05-19 09:10:38  INFO      __main__ —     [Batch 200] loss=0.0262  acc=0.9355
2026-05-19 09:11:57  INFO      __main__ —     [Batch 300] loss=0.0194  acc=0.9396
2026-05-19 09:13:17  INFO      __main__ —     [Batch 400] loss=0.0277  acc=0.9385
2026-05-19 09:14:34  INFO      __main__ —     [Batch 500] loss=0.0221  acc=0.9387
2026-05-19 09:15:53  INFO      __main__ —     [Batch 600] loss=0.0325  acc=0.9388
2026-05-19 09:17:10  INFO      __main__ —     [Batch 700] loss=0.0214  acc=0.9392
2026-05-19 09:18:28  INFO      __main__ —     [Batch 800] loss=0.0230  acc=0.9389
2026-05-19 09:19:47  INFO      __main__ —     [Batch 900] loss=0.0208  acc=0.9388
2026-05-19 09:21:06  INFO      __main__ —     [Batch 1000] loss=0.0190  acc=0.9388
2026-05-19 09:22:27  INFO      __main__ —     [Batch 1100] loss=0.0409  acc=0.9381
2026-05-19 09:23:50  INFO      __main__ —     [Batch 1200] loss=0.0215  acc=0.9383
2026-05-19 09:25:09  INFO      __main__ —     [Batch 1300] loss=0.0310  acc=0.9390
2026-05-19 09:26:27  INFO      __main__ —     [Batch 1400] loss=0.0262  acc=0.9396
2026-05-19 09:27:44  INFO      __main__ —     [Batch 1500] loss=0.0236  acc=0.9397
2026-05-19 09:31:11  INFO      __main__ —   Epoch   6/20  loss=0.0252  acc=0.9398 | val_loss=0.0167  val_acc=0.9420  val_mae=0.1555  lr=1.00e-05 
2026-05-19 09:31:11  INFO      src.utils —   ✓ Best checkpoint saved (epoch 6, val_accuracy=0.9420)
2026-05-19 09:32:29  INFO      __main__ —     [Batch 100] loss=0.0252  acc=0.9359
2026-05-19 09:33:48  INFO      __main__ —     [Batch 200] loss=0.0204  acc=0.9459
2026-05-19 09:35:08  INFO      __main__ —     [Batch 300] loss=0.0203  acc=0.9451
2026-05-19 09:36:26  INFO      __main__ —     [Batch 400] loss=0.0248  acc=0.9438
2026-05-19 09:37:42  INFO      __main__ —     [Batch 500] loss=0.0199  acc=0.9451
2026-05-19 09:39:00  INFO      __main__ —     [Batch 600] loss=0.0190  acc=0.9455
2026-05-19 09:40:18  INFO      __main__ —     [Batch 700] loss=0.0196  acc=0.9459
2026-05-19 09:41:35  INFO      __main__ —     [Batch 800] loss=0.0183  acc=0.9461
2026-05-19 09:42:53  INFO      __main__ —     [Batch 900] loss=0.0330  acc=0.9458
2026-05-19 09:44:11  INFO      __main__ —     [Batch 1000] loss=0.0214  acc=0.9459
2026-05-19 09:45:28  INFO      __main__ —     [Batch 1100] loss=0.0308  acc=0.9459
2026-05-19 09:46:46  INFO      __main__ —     [Batch 1200] loss=0.0286  acc=0.9459
2026-05-19 09:48:04  INFO      __main__ —     [Batch 1300] loss=0.0442  acc=0.9459
2026-05-19 09:49:22  INFO      __main__ —     [Batch 1400] loss=0.0320  acc=0.9455
2026-05-19 09:50:41  INFO      __main__ —     [Batch 1500] loss=0.0334  acc=0.9459
2026-05-19 09:54:04  INFO      __main__ —   Epoch   7/20  loss=0.0236  acc=0.9461 | val_loss=0.0162  val_acc=0.9489  val_mae=0.1488  lr=1.00e-05 
2026-05-19 09:54:04  INFO      src.utils —   ✓ Best checkpoint saved (epoch 7, val_accuracy=0.9489)
2026-05-19 09:55:22  INFO      __main__ —     [Batch 100] loss=0.0297  acc=0.9503
2026-05-19 09:56:39  INFO      __main__ —     [Batch 200] loss=0.0181  acc=0.9522
2026-05-19 09:57:56  INFO      __main__ —     [Batch 300] loss=0.0174  acc=0.9525
2026-05-19 09:59:13  INFO      __main__ —     [Batch 400] loss=0.0279  acc=0.9508
2026-05-19 10:00:30  INFO      __main__ —     [Batch 500] loss=0.0238  acc=0.9503
2026-05-19 10:01:49  INFO      __main__ —     [Batch 600] loss=0.0344  acc=0.9506
2026-05-19 10:03:08  INFO      __main__ —     [Batch 700] loss=0.0156  acc=0.9507
2026-05-19 10:04:25  INFO      __main__ —     [Batch 800] loss=0.0190  acc=0.9505
2026-05-19 10:05:43  INFO      __main__ —     [Batch 900] loss=0.0301  acc=0.9505
2026-05-19 10:07:00  INFO      __main__ —     [Batch 1000] loss=0.0238  acc=0.9505
2026-05-19 10:08:17  INFO      __main__ —     [Batch 1100] loss=0.0253  acc=0.9510
2026-05-19 10:09:34  INFO      __main__ —     [Batch 1200] loss=0.0310  acc=0.9505
2026-05-19 10:10:53  INFO      __main__ —     [Batch 1300] loss=0.0198  acc=0.9508
2026-05-19 10:12:10  INFO      __main__ —     [Batch 1400] loss=0.0242  acc=0.9513
2026-05-19 10:13:28  INFO      __main__ —     [Batch 1500] loss=0.0160  acc=0.9519
2026-05-19 10:16:50  INFO      __main__ —   Epoch   8/20  loss=0.0223  acc=0.9519 | val_loss=0.0172  val_acc=0.9517  val_mae=0.1438  lr=1.00e-05 
2026-05-19 10:16:51  INFO      src.utils —   ✓ Best checkpoint saved (epoch 8, val_accuracy=0.9517)
2026-05-19 10:18:08  INFO      __main__ —     [Batch 100] loss=0.0117  acc=0.9563
2026-05-19 10:19:25  INFO      __main__ —     [Batch 200] loss=0.0176  acc=0.9556
2026-05-19 10:20:41  INFO      __main__ —     [Batch 300] loss=0.0149  acc=0.9568
2026-05-19 10:21:59  INFO      __main__ —     [Batch 400] loss=0.0144  acc=0.9571
2026-05-19 10:23:19  INFO      __main__ —     [Batch 500] loss=0.0206  acc=0.9570
2026-05-19 10:24:36  INFO      __main__ —     [Batch 600] loss=0.0171  acc=0.9566
2026-05-19 10:25:56  INFO      __main__ —     [Batch 700] loss=0.0325  acc=0.9564
2026-05-19 10:27:15  INFO      __main__ —     [Batch 800] loss=0.0165  acc=0.9568
2026-05-19 10:28:34  INFO      __main__ —     [Batch 900] loss=0.0180  acc=0.9567
2026-05-19 10:29:51  INFO      __main__ —     [Batch 1000] loss=0.0159  acc=0.9568
2026-05-19 10:31:09  INFO      __main__ —     [Batch 1100] loss=0.0236  acc=0.9570
2026-05-19 10:32:30  INFO      __main__ —     [Batch 1200] loss=0.0289  acc=0.9570
2026-05-19 10:33:52  INFO      __main__ —     [Batch 1300] loss=0.0144  acc=0.9572
2026-05-19 10:35:12  INFO      __main__ —     [Batch 1400] loss=0.0200  acc=0.9576
2026-05-19 10:36:34  INFO      __main__ —     [Batch 1500] loss=0.0168  acc=0.9573
2026-05-19 10:39:59  INFO      __main__ —   Epoch   9/20  loss=0.0212  acc=0.9572 | val_loss=0.0201  val_acc=0.9502  val_mae=0.1491  lr=1.00e-05 
2026-05-19 10:40:00  INFO      src.utils —   EarlyStopping: 1/7 (val_accuracy=0.9502, best=0.9517)
2026-05-19 10:41:21  INFO      __main__ —     [Batch 100] loss=0.0160  acc=0.9559
2026-05-19 10:42:39  INFO      __main__ —     [Batch 200] loss=0.0169  acc=0.9586
2026-05-19 10:43:59  INFO      __main__ —     [Batch 300] loss=0.0190  acc=0.9599
2026-05-19 10:45:16  INFO      __main__ —     [Batch 400] loss=0.0191  acc=0.9591
2026-05-19 10:46:34  INFO      __main__ —     [Batch 500] loss=0.0188  acc=0.9597
2026-05-19 10:47:51  INFO      __main__ —     [Batch 600] loss=0.0207  acc=0.9600
2026-05-19 10:49:11  INFO      __main__ —     [Batch 700] loss=0.0164  acc=0.9605
2026-05-19 10:50:30  INFO      __main__ —     [Batch 800] loss=0.0149  acc=0.9605
2026-05-19 10:51:49  INFO      __main__ —     [Batch 900] loss=0.0173  acc=0.9606
2026-05-19 10:53:07  INFO      __main__ —     [Batch 1000] loss=0.0259  acc=0.9602
2026-05-19 10:54:26  INFO      __main__ —     [Batch 1100] loss=0.0137  acc=0.9602
2026-05-19 10:55:44  INFO      __main__ —     [Batch 1200] loss=0.0319  acc=0.9608
2026-05-19 10:57:01  INFO      __main__ —     [Batch 1300] loss=0.0116  acc=0.9610
2026-05-19 10:58:18  INFO      __main__ —     [Batch 1400] loss=0.0181  acc=0.9612
2026-05-19 10:59:33  INFO      __main__ —     [Batch 1500] loss=0.0226  acc=0.9607
2026-05-19 11:02:59  INFO      __main__ —   Epoch  10/20  loss=0.0199  acc=0.9608 | val_loss=0.0166  val_acc=0.9575  val_mae=0.1349  lr=1.00e-05 
2026-05-19 11:03:00  INFO      src.utils —   ✓ Best checkpoint saved (epoch 10, val_accuracy=0.9575)
2026-05-19 11:03:00  INFO      __main__ —   ReduceLR: 1.00e-05 → 5.00e-06
2026-05-19 11:04:18  INFO      __main__ —     [Batch 100] loss=0.0156  acc=0.9656
2026-05-19 11:05:37  INFO      __main__ —     [Batch 200] loss=0.0243  acc=0.9641
2026-05-19 11:06:53  INFO      __main__ —     [Batch 300] loss=0.0166  acc=0.9653
2026-05-19 11:08:09  INFO      __main__ —     [Batch 400] loss=0.0145  acc=0.9667
2026-05-19 11:09:25  INFO      __main__ —     [Batch 500] loss=0.0196  acc=0.9654
2026-05-19 11:10:46  INFO      __main__ —     [Batch 600] loss=0.0169  acc=0.9643
2026-05-19 11:12:04  INFO      __main__ —     [Batch 700] loss=0.0271  acc=0.9640
2026-05-19 11:13:22  INFO      __main__ —     [Batch 800] loss=0.0157  acc=0.9641
2026-05-19 11:14:39  INFO      __main__ —     [Batch 900] loss=0.0205  acc=0.9643
2026-05-19 11:15:57  INFO      __main__ —     [Batch 1000] loss=0.0187  acc=0.9647
2026-05-19 11:17:14  INFO      __main__ —     [Batch 1100] loss=0.0138  acc=0.9645
2026-05-19 11:18:30  INFO      __main__ —     [Batch 1200] loss=0.0245  acc=0.9648
2026-05-19 11:19:47  INFO      __main__ —     [Batch 1300] loss=0.0184  acc=0.9646
2026-05-19 11:21:05  INFO      __main__ —     [Batch 1400] loss=0.0200  acc=0.9644
2026-05-19 11:22:26  INFO      __main__ —     [Batch 1500] loss=0.0143  acc=0.9644
2026-05-19 11:25:57  INFO      __main__ —   Epoch  11/20  loss=0.0192  acc=0.9644 | val_loss=0.0155  val_acc=0.9599  val_mae=0.1345  lr=5.00e-06 
2026-05-19 11:25:57  INFO      src.utils —   ✓ Best checkpoint saved (epoch 11, val_accuracy=0.9599)
2026-05-19 11:27:17  INFO      __main__ —     [Batch 100] loss=0.0227  acc=0.9725
2026-05-19 11:28:35  INFO      __main__ —     [Batch 200] loss=0.0168  acc=0.9711
2026-05-19 11:29:54  INFO      __main__ —     [Batch 300] loss=0.0160  acc=0.9684
2026-05-19 11:31:14  INFO      __main__ —     [Batch 400] loss=0.0116  acc=0.9692
2026-05-19 11:32:31  INFO      __main__ —     [Batch 500] loss=0.0120  acc=0.9682
2026-05-19 11:33:51  INFO      __main__ —     [Batch 600] loss=0.0212  acc=0.9685
2026-05-19 11:35:05  INFO      __main__ —     [Batch 700] loss=0.0196  acc=0.9686
2026-05-19 11:36:25  INFO      __main__ —     [Batch 800] loss=0.0130  acc=0.9682
2026-05-19 11:37:43  INFO      __main__ —     [Batch 900] loss=0.0228  acc=0.9684
2026-05-19 11:39:01  INFO      __main__ —     [Batch 1000] loss=0.0124  acc=0.9685
2026-05-19 11:40:18  INFO      __main__ —     [Batch 1100] loss=0.0225  acc=0.9682
2026-05-19 11:41:36  INFO      __main__ —     [Batch 1200] loss=0.0142  acc=0.9680
2026-05-19 11:42:55  INFO      __main__ —     [Batch 1300] loss=0.0134  acc=0.9676
2026-05-19 11:44:13  INFO      __main__ —     [Batch 1400] loss=0.0204  acc=0.9676
2026-05-19 11:45:31  INFO      __main__ —     [Batch 1500] loss=0.0193  acc=0.9671
2026-05-19 11:48:58  INFO      __main__ —   Epoch  12/20  loss=0.0185  acc=0.9673 | val_loss=0.0152  val_acc=0.9611  val_mae=0.1312  lr=5.00e-06 
2026-05-19 11:48:58  INFO      src.utils —   ✓ Best checkpoint saved (epoch 12, val_accuracy=0.9611)
2026-05-19 11:50:17  INFO      __main__ —     [Batch 100] loss=0.0153  acc=0.9656
2026-05-19 11:51:36  INFO      __main__ —     [Batch 200] loss=0.0324  acc=0.9642
2026-05-19 11:52:55  INFO      __main__ —     [Batch 300] loss=0.0124  acc=0.9660
2026-05-19 11:54:14  INFO      __main__ —     [Batch 400] loss=0.0175  acc=0.9670
2026-05-19 11:55:31  INFO      __main__ —     [Batch 500] loss=0.0176  acc=0.9671
2026-05-19 11:56:48  INFO      __main__ —     [Batch 600] loss=0.0167  acc=0.9679
2026-05-19 11:58:06  INFO      __main__ —     [Batch 700] loss=0.0180  acc=0.9685
2026-05-19 11:59:23  INFO      __main__ —     [Batch 800] loss=0.0137  acc=0.9690
2026-05-19 12:00:41  INFO      __main__ —     [Batch 900] loss=0.0204  acc=0.9693
2026-05-19 12:01:58  INFO      __main__ —     [Batch 1000] loss=0.0204  acc=0.9694
2026-05-19 12:03:17  INFO      __main__ —     [Batch 1100] loss=0.0346  acc=0.9693
2026-05-19 12:04:35  INFO      __main__ —     [Batch 1200] loss=0.0226  acc=0.9691
2026-05-19 12:05:52  INFO      __main__ —     [Batch 1300] loss=0.0138  acc=0.9688
2026-05-19 12:07:09  INFO      __main__ —     [Batch 1400] loss=0.0334  acc=0.9692
2026-05-19 12:08:28  INFO      __main__ —     [Batch 1500] loss=0.0240  acc=0.9693
2026-05-19 12:11:54  INFO      __main__ —   Epoch  13/20  loss=0.0181  acc=0.9693 | val_loss=0.0143  val_acc=0.9614  val_mae=0.1281  lr=5.00e-06 
2026-05-19 12:11:54  INFO      src.utils —   ✓ Best checkpoint saved (epoch 13, val_accuracy=0.9614)
2026-05-19 12:13:12  INFO      __main__ —     [Batch 100] loss=0.0123  acc=0.9691
2026-05-19 12:14:29  INFO      __main__ —     [Batch 200] loss=0.0190  acc=0.9716
2026-05-19 12:15:47  INFO      __main__ —     [Batch 300] loss=0.0216  acc=0.9714
2026-05-19 12:17:03  INFO      __main__ —     [Batch 400] loss=0.0154  acc=0.9716
2026-05-19 12:18:21  INFO      __main__ —     [Batch 500] loss=0.0159  acc=0.9717
2026-05-19 12:19:38  INFO      __main__ —     [Batch 600] loss=0.0131  acc=0.9722
2026-05-19 12:20:56  INFO      __main__ —     [Batch 700] loss=0.0104  acc=0.9723
2026-05-19 12:22:14  INFO      __main__ —     [Batch 800] loss=0.0367  acc=0.9721
2026-05-19 12:23:32  INFO      __main__ —     [Batch 900] loss=0.0204  acc=0.9722
2026-05-19 12:24:49  INFO      __main__ —     [Batch 1000] loss=0.0216  acc=0.9719
2026-05-19 12:26:07  INFO      __main__ —     [Batch 1100] loss=0.0147  acc=0.9720
2026-05-19 12:27:24  INFO      __main__ —     [Batch 1200] loss=0.0193  acc=0.9714
2026-05-19 12:28:42  INFO      __main__ —     [Batch 1300] loss=0.0206  acc=0.9718
2026-05-19 12:29:59  INFO      __main__ —     [Batch 1400] loss=0.0203  acc=0.9718
2026-05-19 12:31:15  INFO      __main__ —     [Batch 1500] loss=0.0116  acc=0.9714
2026-05-19 12:34:39  INFO      __main__ —   Epoch  14/20  loss=0.0175  acc=0.9713 | val_loss=0.0176  val_acc=0.9587  val_mae=0.1363  lr=5.00e-06 
2026-05-19 12:34:39  INFO      src.utils —   EarlyStopping: 1/7 (val_accuracy=0.9587, best=0.9614)
2026-05-19 12:35:57  INFO      __main__ —     [Batch 100] loss=0.0155  acc=0.9753
2026-05-19 12:37:15  INFO      __main__ —     [Batch 200] loss=0.0151  acc=0.9722
2026-05-19 12:38:32  INFO      __main__ —     [Batch 300] loss=0.0270  acc=0.9712
2026-05-19 12:39:49  INFO      __main__ —     [Batch 400] loss=0.0176  acc=0.9703
2026-05-19 12:41:07  INFO      __main__ —     [Batch 500] loss=0.0133  acc=0.9709
2026-05-19 12:42:24  INFO      __main__ —     [Batch 600] loss=0.0135  acc=0.9714
2026-05-19 12:43:42  INFO      __main__ —     [Batch 700] loss=0.0104  acc=0.9721
2026-05-19 12:44:59  INFO      __main__ —     [Batch 800] loss=0.0197  acc=0.9721
2026-05-19 12:46:16  INFO      __main__ —     [Batch 900] loss=0.0180  acc=0.9719
2026-05-19 12:47:34  INFO      __main__ —     [Batch 1000] loss=0.0106  acc=0.9718
2026-05-19 12:48:52  INFO      __main__ —     [Batch 1100] loss=0.0115  acc=0.9718
2026-05-19 12:50:09  INFO      __main__ —     [Batch 1200] loss=0.0159  acc=0.9716
2026-05-19 12:51:26  INFO      __main__ —     [Batch 1300] loss=0.0167  acc=0.9717
2026-05-19 12:52:43  INFO      __main__ —     [Batch 1400] loss=0.0188  acc=0.9716
2026-05-19 12:54:01  INFO      __main__ —     [Batch 1500] loss=0.0182  acc=0.9716
2026-05-19 12:57:25  INFO      __main__ —   Epoch  15/20  loss=0.0173  acc=0.9719 | val_loss=0.0148  val_acc=0.9650  val_mae=0.1219  lr=5.00e-06 
2026-05-19 12:57:26  INFO      src.utils —   ✓ Best checkpoint saved (epoch 15, val_accuracy=0.9650)
2026-05-19 12:58:43  INFO      __main__ —     [Batch 100] loss=0.0158  acc=0.9747
2026-05-19 13:00:00  INFO      __main__ —     [Batch 200] loss=0.0117  acc=0.9737
2026-05-19 13:01:18  INFO      __main__ —     [Batch 300] loss=0.0104  acc=0.9733
2026-05-19 13:02:35  INFO      __main__ —     [Batch 400] loss=0.0192  acc=0.9736
2026-05-19 13:03:54  INFO      __main__ —     [Batch 500] loss=0.0246  acc=0.9731
2026-05-19 13:05:11  INFO      __main__ —     [Batch 600] loss=0.0112  acc=0.9730
2026-05-19 13:06:28  INFO      __main__ —     [Batch 700] loss=0.0133  acc=0.9722
2026-05-19 13:07:45  INFO      __main__ —     [Batch 800] loss=0.0111  acc=0.9726
2026-05-19 13:09:02  INFO      __main__ —     [Batch 900] loss=0.0144  acc=0.9729
2026-05-19 13:10:21  INFO      __main__ —     [Batch 1000] loss=0.0132  acc=0.9728
2026-05-19 13:11:39  INFO      __main__ —     [Batch 1100] loss=0.0112  acc=0.9733
2026-05-19 13:12:56  INFO      __main__ —     [Batch 1200] loss=0.0180  acc=0.9735
2026-05-19 13:14:15  INFO      __main__ —     [Batch 1300] loss=0.0129  acc=0.9737
2026-05-19 13:15:32  INFO      __main__ —     [Batch 1400] loss=0.0120  acc=0.9736
2026-05-19 13:16:51  INFO      __main__ —     [Batch 1500] loss=0.0158  acc=0.9732
2026-05-19 13:20:15  INFO      __main__ —   Epoch  16/20  loss=0.0169  acc=0.9733 | val_loss=0.0144  val_acc=0.9649  val_mae=0.1234  lr=5.00e-06 
2026-05-19 13:20:15  INFO      __main__ —   ReduceLR: 5.00e-06 → 2.50e-06
2026-05-19 13:20:15  INFO      src.utils —   EarlyStopping: 1/7 (val_accuracy=0.9649, best=0.9650)
2026-05-19 13:21:32  INFO      __main__ —     [Batch 100] loss=0.0109  acc=0.9747
2026-05-19 13:22:50  INFO      __main__ —     [Batch 200] loss=0.0133  acc=0.9745
2026-05-19 13:24:08  INFO      __main__ —     [Batch 300] loss=0.0142  acc=0.9737
2026-05-19 13:25:25  INFO      __main__ —     [Batch 400] loss=0.0111  acc=0.9741
2026-05-19 13:26:43  INFO      __main__ —     [Batch 500] loss=0.0201  acc=0.9738
2026-05-19 13:28:00  INFO      __main__ —     [Batch 600] loss=0.0125  acc=0.9731
2026-05-19 13:29:17  INFO      __main__ —     [Batch 700] loss=0.0098  acc=0.9729
2026-05-19 13:30:35  INFO      __main__ —     [Batch 800] loss=0.0116  acc=0.9738
2026-05-19 13:31:53  INFO      __main__ —     [Batch 900] loss=0.0124  acc=0.9737
2026-05-19 13:33:10  INFO      __main__ —     [Batch 1000] loss=0.0191  acc=0.9740
2026-05-19 13:34:28  INFO      __main__ —     [Batch 1100] loss=0.0235  acc=0.9738
2026-05-19 13:35:45  INFO      __main__ —     [Batch 1200] loss=0.0221  acc=0.9739
2026-05-19 13:37:03  INFO      __main__ —     [Batch 1300] loss=0.0146  acc=0.9740
2026-05-19 13:38:20  INFO      __main__ —     [Batch 1400] loss=0.0166  acc=0.9744
2026-05-19 13:39:37  INFO      __main__ —     [Batch 1500] loss=0.0118  acc=0.9742
2026-05-19 13:42:59  INFO      __main__ —   Epoch  17/20  loss=0.0163  acc=0.9743 | val_loss=0.0164  val_acc=0.9639  val_mae=0.1227  lr=2.50e-06 
2026-05-19 13:42:59  INFO      src.utils —   EarlyStopping: 2/7 (val_accuracy=0.9639, best=0.9650)
2026-05-19 13:44:16  INFO      __main__ —     [Batch 100] loss=0.0147  acc=0.9747
2026-05-19 13:45:35  INFO      __main__ —     [Batch 200] loss=0.0290  acc=0.9739
2026-05-19 13:46:53  INFO      __main__ —     [Batch 300] loss=0.0134  acc=0.9741
2026-05-19 13:48:11  INFO      __main__ —     [Batch 400] loss=0.0237  acc=0.9746
2026-05-19 13:49:28  INFO      __main__ —     [Batch 500] loss=0.0120  acc=0.9746
2026-05-19 13:50:45  INFO      __main__ —     [Batch 600] loss=0.0155  acc=0.9751
2026-05-19 13:52:02  INFO      __main__ —     [Batch 700] loss=0.0178  acc=0.9749
2026-05-19 13:53:20  INFO      __main__ —     [Batch 800] loss=0.0126  acc=0.9757
2026-05-19 13:54:38  INFO      __main__ —     [Batch 900] loss=0.0245  acc=0.9764
2026-05-19 13:55:54  INFO      __main__ —     [Batch 1000] loss=0.0166  acc=0.9759
2026-05-19 13:57:12  INFO      __main__ —     [Batch 1100] loss=0.0392  acc=0.9757
2026-05-19 13:58:29  INFO      __main__ —     [Batch 1200] loss=0.0113  acc=0.9751
2026-05-19 13:59:46  INFO      __main__ —     [Batch 1300] loss=0.0206  acc=0.9750
2026-05-19 14:01:04  INFO      __main__ —     [Batch 1400] loss=0.0116  acc=0.9752
2026-05-19 14:02:21  INFO      __main__ —     [Batch 1500] loss=0.0127  acc=0.9754
2026-05-19 14:05:45  INFO      __main__ —   Epoch  18/20  loss=0.0161  acc=0.9752 | val_loss=0.0152  val_acc=0.9662  val_mae=0.1223  lr=2.50e-06 
2026-05-19 14:05:45  INFO      src.utils —   ✓ Best checkpoint saved (epoch 18, val_accuracy=0.9662)
2026-05-19 14:07:03  INFO      __main__ —     [Batch 100] loss=0.0240  acc=0.9709
2026-05-19 14:08:21  INFO      __main__ —     [Batch 200] loss=0.0202  acc=0.9731
2026-05-19 14:09:36  INFO      __main__ —     [Batch 300] loss=0.0140  acc=0.9734
2026-05-19 14:10:57  INFO      __main__ —     [Batch 400] loss=0.0148  acc=0.9740
2026-05-19 14:12:14  INFO      __main__ —     [Batch 500] loss=0.0261  acc=0.9743
2026-05-19 14:13:32  INFO      __main__ —     [Batch 600] loss=0.0121  acc=0.9744
2026-05-19 14:14:49  INFO      __main__ —     [Batch 700] loss=0.0280  acc=0.9746
2026-05-19 14:16:07  INFO      __main__ —     [Batch 800] loss=0.0136  acc=0.9750
2026-05-19 14:17:25  INFO      __main__ —     [Batch 900] loss=0.0412  acc=0.9748
2026-05-19 14:18:43  INFO      __main__ —     [Batch 1000] loss=0.0100  acc=0.9749
2026-05-19 14:19:59  INFO      __main__ —     [Batch 1100] loss=0.0117  acc=0.9749
2026-05-19 14:21:16  INFO      __main__ —     [Batch 1200] loss=0.0104  acc=0.9744
2026-05-19 14:22:33  INFO      __main__ —     [Batch 1300] loss=0.0138  acc=0.9745
2026-05-19 14:23:52  INFO      __main__ —     [Batch 1400] loss=0.0105  acc=0.9747
2026-05-19 14:25:09  INFO      __main__ —     [Batch 1500] loss=0.0141  acc=0.9747
2026-05-19 14:28:32  INFO      __main__ —   Epoch  19/20  loss=0.0163  acc=0.9749 | val_loss=0.0163  val_acc=0.9651  val_mae=0.1223  lr=2.50e-06 
2026-05-19 14:28:32  INFO      __main__ —   ReduceLR: 2.50e-06 → 1.25e-06
2026-05-19 14:28:32  INFO      src.utils —   EarlyStopping: 1/7 (val_accuracy=0.9651, best=0.9662)
2026-05-19 14:29:48  INFO      __main__ —     [Batch 100] loss=0.0135  acc=0.9759
2026-05-19 14:31:05  INFO      __main__ —     [Batch 200] loss=0.0141  acc=0.9762
2026-05-19 14:32:22  INFO      __main__ —     [Batch 300] loss=0.0143  acc=0.9762
2026-05-19 14:33:42  INFO      __main__ —     [Batch 400] loss=0.0112  acc=0.9758
2026-05-19 14:34:59  INFO      __main__ —     [Batch 500] loss=0.0125  acc=0.9761
2026-05-19 14:36:16  INFO      __main__ —     [Batch 600] loss=0.0136  acc=0.9760
2026-05-19 14:37:33  INFO      __main__ —     [Batch 700] loss=0.0169  acc=0.9756
2026-05-19 14:38:50  INFO      __main__ —     [Batch 800] loss=0.0148  acc=0.9753
2026-05-19 14:40:06  INFO      __main__ —     [Batch 900] loss=0.0126  acc=0.9755
2026-05-19 14:41:23  INFO      __main__ —     [Batch 1000] loss=0.0167  acc=0.9755
2026-05-19 14:42:40  INFO      __main__ —     [Batch 1100] loss=0.0203  acc=0.9759
2026-05-19 14:43:58  INFO      __main__ —     [Batch 1200] loss=0.0128  acc=0.9757
2026-05-19 14:45:15  INFO      __main__ —     [Batch 1300] loss=0.0164  acc=0.9755
2026-05-19 14:46:32  INFO      __main__ —     [Batch 1400] loss=0.0097  acc=0.9759
2026-05-19 14:47:52  INFO      __main__ —     [Batch 1500] loss=0.0237  acc=0.9759
2026-05-19 14:51:15  INFO      __main__ —   Epoch  20/20  loss=0.0160  acc=0.9759 | val_loss=0.0146  val_acc=0.9667  val_mae=0.1184  lr=1.25e-06 
2026-05-19 14:51:15  INFO      src.utils —   ✓ Best checkpoint saved (epoch 20, val_accuracy=0.9667)
2026-05-19 14:51:16  INFO      src.utils — Best weights restored from: C:\Users\dzikri\Downloads\aware-project\aware-project\checkpoints\best_model.weights.h5
2026-05-19 14:51:16  INFO      __main__ — 
  PHASE2 best: {'epoch': 19, 'loss': 0.016009885010379307, 'accuracy': 0.9758544564247131, 'mae': 0.10211968421936035, 'val_loss': 0.014594429530237004, 'val_accuracy': 0.9667420387268066, 'val_mae': 0.11841321736574173, 'lr': 1.249999968422344e-06}
2026-05-19 14:51:16  INFO      __main__ — 
[ 7/7 ] Evaluating on test set ...
2026-05-19 14:55:53  INFO      __main__ — 
  TEST SET EVALUATION
2026-05-19 14:55:53  INFO      src.utils — =======================================================
2026-05-19 14:55:53  INFO      src.utils —   PERFORMANCE TARGET CHECK
2026-05-19 14:55:53  INFO      src.utils — =======================================================
2026-05-19 14:55:53  INFO      src.utils —   Accuracy : 0.9699  (target ≥ 0.85)  ✅
2026-05-19 14:55:53  INFO      src.utils —   MAE      : 0.1182  (target ≤ 0.02)   ❌
2026-05-19 14:55:53  INFO      src.utils —   F1-Score : 0.9630
2026-05-19 14:55:53  INFO      src.utils —   Precision: 0.9679
2026-05-19 14:55:53  INFO      src.utils —   Recall   : 0.9583
2026-05-19 14:55:53  WARNING   src.utils —   ⚠ Belum memenuhi semua target — pertimbangkan tuning lebih lanjut.
2026-05-19 14:55:53  INFO      src.utils — =======================================================
2026-05-19 14:55:53  INFO      __main__ — 
Exporting model ...
2026-05-19 14:55:53  INFO      __main__ —   ✓ Saved .keras → C:\Users\dzikri\Downloads\aware-project\aware-project\exports\aware_fatigue_model.keras
2026-05-19 14:56:00  INFO      __main__ —   ✓ Saved SavedModel → C:\Users\dzikri\Downloads\aware-project\aware-project\exports\aware_fatigue_savedmodel
2026-05-19 14:56:08  INFO      __main__ —   ✓ Saved TFLite → C:\Users\dzikri\Downloads\aware-project\aware-project\exports\aware_fatigue_model.tflite  (3223.5 KB)
2026-05-19 14:56:08  INFO      __main__ — 
  🎯 Model export selesai!
2026-05-19 14:56:08  INFO      __main__ — 
=======================================================
2026-05-19 14:56:08  INFO      __main__ —   TRAINING COMPLETE ✅
2026-05-19 14:56:08  INFO      __main__ —   Test Accuracy : 0.9699
2026-05-19 14:56:08  INFO      __main__ —   Test MAE      : 0.1182
2026-05-19 14:56:08  INFO      __main__ —   Test F1       : 0.9630
2026-05-19 14:56:08  INFO      __main__ — =======================================================
